

Started GET "/" for 127.0.0.1 at 2014-03-30 21:19:05 -0300
Processing by Rails::WelcomeController#index as HTML
  Rendered /home/saasbook/.rvm/gems/ruby-2.0.0-p353@railstutorial_rails_4_0/gems/railties-4.0.4/lib/rails/templates/rails/welcome/index.html.erb (0.8ms)
Completed 200 OK in 10ms (Views: 9.8ms | ActiveRecord: 0.0ms)


Started GET "/static_pages/home" for 127.0.0.1 at 2014-03-30 21:19:47 -0300
Processing by StaticPagesController#home as HTML
  Rendered static_pages/home.html.erb within layouts/application (0.3ms)
Completed 200 OK in 385ms (Views: 384.4ms | ActiveRecord: 0.0ms)


Started GET "/assets/application.css?body=1" for 127.0.0.1 at 2014-03-30 21:19:48 -0300


Started GET "/assets/static_pages.css?body=1" for 127.0.0.1 at 2014-03-30 21:19:48 -0300


Started GET "/assets/jquery_ujs.js?body=1" for 127.0.0.1 at 2014-03-30 21:19:48 -0300


Started GET "/assets/jquery.js?body=1" for 127.0.0.1 at 2014-03-30 21:19:48 -0300


Started GET "/assets/static_pages.js?body=1" for 127.0.0.1 at 2014-03-30 21:19:48 -0300


Started GET "/assets/application.js?body=1" for 127.0.0.1 at 2014-03-30 21:19:48 -0300


Started GET "/assets/turbolinks.js?body=1" for 127.0.0.1 at 2014-03-30 21:19:48 -0300


Started GET "/static_pages/home" for 127.0.0.1 at 2014-03-30 21:21:26 -0300
Processing by StaticPagesController#home as HTML
  Rendered static_pages/home.html.erb within layouts/application (0.7ms)
Completed 200 OK in 66ms (Views: 65.3ms | ActiveRecord: 0.0ms)


Started GET "/assets/application.css?body=1" for 127.0.0.1 at 2014-03-30 21:21:26 -0300


Started GET "/assets/jquery.js?body=1" for 127.0.0.1 at 2014-03-30 21:21:26 -0300


Started GET "/assets/jquery_ujs.js?body=1" for 127.0.0.1 at 2014-03-30 21:21:26 -0300


Started GET "/assets/turbolinks.js?body=1" for 127.0.0.1 at 2014-03-30 21:21:26 -0300


Started GET "/assets/static_pages.js?body=1" for 127.0.0.1 at 2014-03-30 21:21:26 -0300


Started GET "/assets/application.js?body=1" for 127.0.0.1 at 2014-03-30 21:21:26 -0300


Started GET "/assets/static_pages.css?body=1" for 127.0.0.1 at 2014-03-30 21:21:26 -0300


Started GET "/static_pages/" for 127.0.0.1 at 2014-03-30 21:21:29 -0300

ActionController::RoutingError (No route matches [GET] "/static_pages"):
  actionpack (4.0.4) lib/action_dispatch/middleware/debug_exceptions.rb:21:in `call'
  actionpack (4.0.4) lib/action_dispatch/middleware/show_exceptions.rb:30:in `call'
  railties (4.0.4) lib/rails/rack/logger.rb:38:in `call_app'
  railties (4.0.4) lib/rails/rack/logger.rb:20:in `block in call'
  activesupport (4.0.4) lib/active_support/tagged_logging.rb:68:in `block in tagged'
  activesupport (4.0.4) lib/active_support/tagged_logging.rb:26:in `tagged'
  activesupport (4.0.4) lib/active_support/tagged_logging.rb:68:in `tagged'
  railties (4.0.4) lib/rails/rack/logger.rb:20:in `call'
  actionpack (4.0.4) lib/action_dispatch/middleware/request_id.rb:21:in `call'
  rack (1.5.2) lib/rack/methodoverride.rb:21:in `call'
  rack (1.5.2) lib/rack/runtime.rb:17:in `call'
  activesupport (4.0.4) lib/active_support/cache/strategy/local_cache.rb:83:in `call'
  rack (1.5.2) lib/rack/lock.rb:17:in `call'
  actionpack (4.0.4) lib/action_dispatch/middleware/static.rb:64:in `call'
  rack (1.5.2) lib/rack/sendfile.rb:112:in `call'
  railties (4.0.4) lib/rails/engine.rb:511:in `call'
  railties (4.0.4) lib/rails/application.rb:97:in `call'
  rack (1.5.2) lib/rack/lock.rb:17:in `call'
  rack (1.5.2) lib/rack/content_length.rb:14:in `call'
  rack (1.5.2) lib/rack/handler/webrick.rb:60:in `service'
  /home/saasbook/.rvm/rubies/ruby-2.0.0-p353/lib/ruby/2.0.0/webrick/httpserver.rb:138:in `service'
  /home/saasbook/.rvm/rubies/ruby-2.0.0-p353/lib/ruby/2.0.0/webrick/httpserver.rb:94:in `run'
  /home/saasbook/.rvm/rubies/ruby-2.0.0-p353/lib/ruby/2.0.0/webrick/server.rb:295:in `block in start_thread'


  Rendered /home/saasbook/.rvm/gems/ruby-2.0.0-p353@railstutorial_rails_4_0/gems/actionpack-4.0.4/lib/action_dispatch/middleware/templates/rescues/_trace.erb (0.8ms)
  Rendered /home/saasbook/.rvm/gems/ruby-2.0.0-p353@railstutorial_rails_4_0/gems/actionpack-4.0.4/lib/action_dispatch/middleware/templates/routes/_route.html.erb (0.7ms)
  Rendered /home/saasbook/.rvm/gems/ruby-2.0.0-p353@railstutorial_rails_4_0/gems/actionpack-4.0.4/lib/action_dispatch/middleware/templates/routes/_table.html.erb (2.3ms)
  Rendered /home/saasbook/.rvm/gems/ruby-2.0.0-p353@railstutorial_rails_4_0/gems/actionpack-4.0.4/lib/action_dispatch/middleware/templates/rescues/routing_error.erb within rescues/layout (38.5ms)


Started GET "/" for 127.0.0.1 at 2014-03-30 21:21:32 -0300
Processing by Rails::WelcomeController#index as HTML
  Rendered /home/saasbook/.rvm/gems/ruby-2.0.0-p353@railstutorial_rails_4_0/gems/railties-4.0.4/lib/rails/templates/rails/welcome/index.html.erb (0.5ms)
Completed 200 OK in 6ms (Views: 5.1ms | ActiveRecord: 0.0ms)


Started GET "/static_pages/about" for 127.0.0.1 at 2014-03-30 21:29:40 -0300
Processing by StaticPagesController#about as HTML
  Rendered static_pages/about.html.erb within layouts/application (0.6ms)
Completed 200 OK in 57ms (Views: 56.6ms | ActiveRecord: 0.0ms)


Started GET "/assets/application.css?body=1" for 127.0.0.1 at 2014-03-30 21:29:40 -0300


Started GET "/assets/static_pages.css?body=1" for 127.0.0.1 at 2014-03-30 21:29:40 -0300


Started GET "/assets/jquery.js?body=1" for 127.0.0.1 at 2014-03-30 21:29:40 -0300


Started GET "/assets/jquery_ujs.js?body=1" for 127.0.0.1 at 2014-03-30 21:29:40 -0300


Started GET "/assets/application.js?body=1" for 127.0.0.1 at 2014-03-30 21:29:40 -0300


Started GET "/assets/static_pages.js?body=1" for 127.0.0.1 at 2014-03-30 21:29:40 -0300


Started GET "/assets/turbolinks.js?body=1" for 127.0.0.1 at 2014-03-30 21:29:40 -0300


Started GET "/static_pages/home" for 127.0.0.1 at 2014-03-30 22:12:47 -0300
Processing by StaticPagesController#home as HTML
  Rendered static_pages/home.html.erb within layouts/application (3.3ms)
Completed 500 Internal Server Error in 14ms

ActionView::Template::Error (undefined method `full_title' for #<#<Class:0xa443dc4>:0xa44375c>):
    1: <!DOCTYPE html>
    2: <html>
    3:   <head>
    4:     <title><%= full_title(yield(:title)) %></title>
    5:     <%= stylesheet_link_tag "application", media: "all",
    6:                                            "data-turbolinks-track" => true %>
    7:     <%= javascript_include_tag "application", "data-turbolinks-track" => true %>
  app/views/layouts/application.html.erb:4:in `_app_views_layouts_application_html_erb___523816057_86141910'


  Rendered /home/saasbook/.rvm/gems/ruby-2.0.0-p353@railstutorial_rails_4_0/gems/actionpack-4.0.4/lib/action_dispatch/middleware/templates/rescues/_trace.erb (1.5ms)
  Rendered /home/saasbook/.rvm/gems/ruby-2.0.0-p353@railstutorial_rails_4_0/gems/actionpack-4.0.4/lib/action_dispatch/middleware/templates/rescues/_request_and_response.erb (27.1ms)
  Rendered /home/saasbook/.rvm/gems/ruby-2.0.0-p353@railstutorial_rails_4_0/gems/actionpack-4.0.4/lib/action_dispatch/middleware/templates/rescues/template_error.erb within rescues/layout (35.6ms)


Started GET "/static_pages/home" for 127.0.0.1 at 2014-03-30 22:18:12 -0300
Processing by StaticPagesController#home as HTML
  Rendered static_pages/home.html.erb within layouts/application (3.6ms)
Completed 200 OK in 65ms (Views: 64.2ms | ActiveRecord: 0.0ms)


Started GET "/assets/application.css?body=1" for 127.0.0.1 at 2014-03-30 22:18:12 -0300


Started GET "/assets/jquery.js?body=1" for 127.0.0.1 at 2014-03-30 22:18:12 -0300


Started GET "/assets/turbolinks.js?body=1" for 127.0.0.1 at 2014-03-30 22:18:12 -0300


Started GET "/assets/jquery_ujs.js?body=1" for 127.0.0.1 at 2014-03-30 22:18:12 -0300


Started GET "/assets/static_pages.css?body=1" for 127.0.0.1 at 2014-03-30 22:18:12 -0300


Started GET "/images/rails.png" for 127.0.0.1 at 2014-03-30 22:18:12 -0300

ActionController::RoutingError (No route matches [GET] "/images/rails.png"):
  actionpack (4.0.4) lib/action_dispatch/middleware/debug_exceptions.rb:21:in `call'
  actionpack (4.0.4) lib/action_dispatch/middleware/show_exceptions.rb:30:in `call'
  railties (4.0.4) lib/rails/rack/logger.rb:38:in `call_app'
  railties (4.0.4) lib/rails/rack/logger.rb:20:in `block in call'
  activesupport (4.0.4) lib/active_support/tagged_logging.rb:68:in `block in tagged'
  activesupport (4.0.4) lib/active_support/tagged_logging.rb:26:in `tagged'
  activesupport (4.0.4) lib/active_support/tagged_logging.rb:68:in `tagged'
  railties (4.0.4) lib/rails/rack/logger.rb:20:in `call'
  actionpack (4.0.4) lib/action_dispatch/middleware/request_id.rb:21:in `call'
  rack (1.5.2) lib/rack/methodoverride.rb:21:in `call'
  rack (1.5.2) lib/rack/runtime.rb:17:in `call'
  activesupport (4.0.4) lib/active_support/cache/strategy/local_cache.rb:83:in `call'
  rack (1.5.2) lib/rack/lock.rb:17:in `call'
  actionpack (4.0.4) lib/action_dispatch/middleware/static.rb:64:in `call'
  rack (1.5.2) lib/rack/sendfile.rb:112:in `call'
  railties (4.0.4) lib/rails/engine.rb:511:in `call'
  railties (4.0.4) lib/rails/application.rb:97:in `call'
  rack (1.5.2) lib/rack/lock.rb:17:in `call'
  rack (1.5.2) lib/rack/content_length.rb:14:in `call'
  rack (1.5.2) lib/rack/handler/webrick.rb:60:in `service'
  /home/saasbook/.rvm/rubies/ruby-2.0.0-p353/lib/ruby/2.0.0/webrick/httpserver.rb:138:in `service'
  /home/saasbook/.rvm/rubies/ruby-2.0.0-p353/lib/ruby/2.0.0/webrick/httpserver.rb:94:in `run'
  /home/saasbook/.rvm/rubies/ruby-2.0.0-p353/lib/ruby/2.0.0/webrick/server.rb:295:in `block in start_thread'


  Rendered /home/saasbook/.rvm/gems/ruby-2.0.0-p353@railstutorial_rails_4_0/gems/actionpack-4.0.4/lib/action_dispatch/middleware/templates/rescues/_trace.erb (0.8ms)
  Rendered /home/saasbook/.rvm/gems/ruby-2.0.0-p353@railstutorial_rails_4_0/gems/actionpack-4.0.4/lib/action_dispatch/middleware/templates/routes/_route.html.erb (0.7ms)
  Rendered /home/saasbook/.rvm/gems/ruby-2.0.0-p353@railstutorial_rails_4_0/gems/actionpack-4.0.4/lib/action_dispatch/middleware/templates/routes/_table.html.erb (25.8ms)
  Rendered /home/saasbook/.rvm/gems/ruby-2.0.0-p353@railstutorial_rails_4_0/gems/actionpack-4.0.4/lib/action_dispatch/middleware/templates/rescues/routing_error.erb within rescues/layout (52.1ms)


Started GET "/assets/application.js?body=1" for 127.0.0.1 at 2014-03-30 22:18:12 -0300


Started GET "/assets/static_pages.js?body=1" for 127.0.0.1 at 2014-03-30 22:18:12 -0300


Started GET "/static_pages/home" for 127.0.0.1 at 2014-03-30 22:18:51 -0300
Processing by StaticPagesController#home as HTML
  Rendered static_pages/home.html.erb within layouts/application (12.8ms)
Completed 200 OK in 22ms (Views: 21.4ms | ActiveRecord: 0.0ms)


Started GET "/assets/application.css?body=1" for 127.0.0.1 at 2014-03-30 22:18:51 -0300


Started GET "/assets/static_pages.css?body=1" for 127.0.0.1 at 2014-03-30 22:18:51 -0300


Started GET "/assets/jquery.js?body=1" for 127.0.0.1 at 2014-03-30 22:18:51 -0300


Started GET "/assets/turbolinks.js?body=1" for 127.0.0.1 at 2014-03-30 22:18:51 -0300


Started GET "/assets/static_pages.js?body=1" for 127.0.0.1 at 2014-03-30 22:18:51 -0300


Started GET "/images/rails.png" for 127.0.0.1 at 2014-03-30 22:18:51 -0300

ActionController::RoutingError (No route matches [GET] "/images/rails.png"):
  actionpack (4.0.4) lib/action_dispatch/middleware/debug_exceptions.rb:21:in `call'
  actionpack (4.0.4) lib/action_dispatch/middleware/show_exceptions.rb:30:in `call'
  railties (4.0.4) lib/rails/rack/logger.rb:38:in `call_app'
  railties (4.0.4) lib/rails/rack/logger.rb:20:in `block in call'
  activesupport (4.0.4) lib/active_support/tagged_logging.rb:68:in `block in tagged'
  activesupport (4.0.4) lib/active_support/tagged_logging.rb:26:in `tagged'
  activesupport (4.0.4) lib/active_support/tagged_logging.rb:68:in `tagged'
  railties (4.0.4) lib/rails/rack/logger.rb:20:in `call'
  actionpack (4.0.4) lib/action_dispatch/middleware/request_id.rb:21:in `call'
  rack (1.5.2) lib/rack/methodoverride.rb:21:in `call'
  rack (1.5.2) lib/rack/runtime.rb:17:in `call'
  activesupport (4.0.4) lib/active_support/cache/strategy/local_cache.rb:83:in `call'
  rack (1.5.2) lib/rack/lock.rb:17:in `call'
  actionpack (4.0.4) lib/action_dispatch/middleware/static.rb:64:in `call'
  rack (1.5.2) lib/rack/sendfile.rb:112:in `call'
  railties (4.0.4) lib/rails/engine.rb:511:in `call'
  railties (4.0.4) lib/rails/application.rb:97:in `call'
  rack (1.5.2) lib/rack/lock.rb:17:in `call'
  rack (1.5.2) lib/rack/content_length.rb:14:in `call'
  rack (1.5.2) lib/rack/handler/webrick.rb:60:in `service'
  /home/saasbook/.rvm/rubies/ruby-2.0.0-p353/lib/ruby/2.0.0/webrick/httpserver.rb:138:in `service'
  /home/saasbook/.rvm/rubies/ruby-2.0.0-p353/lib/ruby/2.0.0/webrick/httpserver.rb:94:in `run'
  /home/saasbook/.rvm/rubies/ruby-2.0.0-p353/lib/ruby/2.0.0/webrick/server.rb:295:in `block in start_thread'


  Rendered /home/saasbook/.rvm/gems/ruby-2.0.0-p353@railstutorial_rails_4_0/gems/actionpack-4.0.4/lib/action_dispatch/middleware/templates/rescues/_trace.erb (0.8ms)
  Rendered /home/saasbook/.rvm/gems/ruby-2.0.0-p353@railstutorial_rails_4_0/gems/actionpack-4.0.4/lib/action_dispatch/middleware/templates/routes/_route.html.erb (4.5ms)
  Rendered /home/saasbook/.rvm/gems/ruby-2.0.0-p353@railstutorial_rails_4_0/gems/actionpack-4.0.4/lib/action_dispatch/middleware/templates/routes/_table.html.erb (0.7ms)
  Rendered /home/saasbook/.rvm/gems/ruby-2.0.0-p353@railstutorial_rails_4_0/gems/actionpack-4.0.4/lib/action_dispatch/middleware/templates/rescues/routing_error.erb within rescues/layout (33.4ms)


Started GET "/assets/application.js?body=1" for 127.0.0.1 at 2014-03-30 22:18:51 -0300


Started GET "/assets/jquery_ujs.js?body=1" for 127.0.0.1 at 2014-03-30 22:18:51 -0300


Started GET "/static_pages/home" for 127.0.0.1 at 2014-03-30 22:18:56 -0300
Processing by StaticPagesController#home as HTML
  Rendered static_pages/home.html.erb within layouts/application (4.4ms)
Completed 200 OK in 75ms (Views: 74.5ms | ActiveRecord: 0.0ms)


Started GET "/assets/application.css?body=1" for 127.0.0.1 at 2014-03-30 22:18:57 -0300


Started GET "/assets/jquery.js?body=1" for 127.0.0.1 at 2014-03-30 22:18:57 -0300


Started GET "/assets/jquery_ujs.js?body=1" for 127.0.0.1 at 2014-03-30 22:18:57 -0300


Started GET "/assets/static_pages.js?body=1" for 127.0.0.1 at 2014-03-30 22:18:57 -0300


Started GET "/assets/application.js?body=1" for 127.0.0.1 at 2014-03-30 22:18:57 -0300


Started GET "/assets/turbolinks.js?body=1" for 127.0.0.1 at 2014-03-30 22:18:57 -0300


Started GET "/assets/static_pages.css?body=1" for 127.0.0.1 at 2014-03-30 22:18:57 -0300


Started GET "/images/rails.png" for 127.0.0.1 at 2014-03-30 22:18:57 -0300

ActionController::RoutingError (No route matches [GET] "/images/rails.png"):
  actionpack (4.0.4) lib/action_dispatch/middleware/debug_exceptions.rb:21:in `call'
  actionpack (4.0.4) lib/action_dispatch/middleware/show_exceptions.rb:30:in `call'
  railties (4.0.4) lib/rails/rack/logger.rb:38:in `call_app'
  railties (4.0.4) lib/rails/rack/logger.rb:20:in `block in call'
  activesupport (4.0.4) lib/active_support/tagged_logging.rb:68:in `block in tagged'
  activesupport (4.0.4) lib/active_support/tagged_logging.rb:26:in `tagged'
  activesupport (4.0.4) lib/active_support/tagged_logging.rb:68:in `tagged'
  railties (4.0.4) lib/rails/rack/logger.rb:20:in `call'
  actionpack (4.0.4) lib/action_dispatch/middleware/request_id.rb:21:in `call'
  rack (1.5.2) lib/rack/methodoverride.rb:21:in `call'
  rack (1.5.2) lib/rack/runtime.rb:17:in `call'
  activesupport (4.0.4) lib/active_support/cache/strategy/local_cache.rb:83:in `call'
  rack (1.5.2) lib/rack/lock.rb:17:in `call'
  actionpack (4.0.4) lib/action_dispatch/middleware/static.rb:64:in `call'
  rack (1.5.2) lib/rack/sendfile.rb:112:in `call'
  railties (4.0.4) lib/rails/engine.rb:511:in `call'
  railties (4.0.4) lib/rails/application.rb:97:in `call'
  rack (1.5.2) lib/rack/lock.rb:17:in `call'
  rack (1.5.2) lib/rack/content_length.rb:14:in `call'
  rack (1.5.2) lib/rack/handler/webrick.rb:60:in `service'
  /home/saasbook/.rvm/rubies/ruby-2.0.0-p353/lib/ruby/2.0.0/webrick/httpserver.rb:138:in `service'
  /home/saasbook/.rvm/rubies/ruby-2.0.0-p353/lib/ruby/2.0.0/webrick/httpserver.rb:94:in `run'
  /home/saasbook/.rvm/rubies/ruby-2.0.0-p353/lib/ruby/2.0.0/webrick/server.rb:295:in `block in start_thread'


  Rendered /home/saasbook/.rvm/gems/ruby-2.0.0-p353@railstutorial_rails_4_0/gems/actionpack-4.0.4/lib/action_dispatch/middleware/templates/rescues/_trace.erb (3.0ms)
  Rendered /home/saasbook/.rvm/gems/ruby-2.0.0-p353@railstutorial_rails_4_0/gems/actionpack-4.0.4/lib/action_dispatch/middleware/templates/routes/_route.html.erb (0.7ms)
  Rendered /home/saasbook/.rvm/gems/ruby-2.0.0-p353@railstutorial_rails_4_0/gems/actionpack-4.0.4/lib/action_dispatch/middleware/templates/routes/_table.html.erb (2.7ms)
  Rendered /home/saasbook/.rvm/gems/ruby-2.0.0-p353@railstutorial_rails_4_0/gems/actionpack-4.0.4/lib/action_dispatch/middleware/templates/rescues/routing_error.erb within rescues/layout (40.0ms)


Started GET "/static_pages/home" for 127.0.0.1 at 2014-03-30 22:19:46 -0300
Processing by StaticPagesController#home as HTML
  Rendered static_pages/home.html.erb within layouts/application (2.8ms)
Completed 200 OK in 66ms (Views: 65.5ms | ActiveRecord: 0.0ms)


Started GET "/assets/application.css?body=1" for 127.0.0.1 at 2014-03-30 22:19:47 -0300


Started GET "/assets/jquery.js?body=1" for 127.0.0.1 at 2014-03-30 22:19:47 -0300


Started GET "/assets/static_pages.css?body=1" for 127.0.0.1 at 2014-03-30 22:19:47 -0300


Started GET "/assets/jquery_ujs.js?body=1" for 127.0.0.1 at 2014-03-30 22:19:47 -0300


Started GET "/assets/turbolinks.js?body=1" for 127.0.0.1 at 2014-03-30 22:19:47 -0300


Started GET "/assets/static_pages.js?body=1" for 127.0.0.1 at 2014-03-30 22:19:47 -0300


Started GET "/assets/application.js?body=1" for 127.0.0.1 at 2014-03-30 22:19:47 -0300


Started GET "/assets/rails.png" for 127.0.0.1 at 2014-03-30 22:19:47 -0300


Started GET "/static_pages/home" for 127.0.0.1 at 2014-03-30 22:23:03 -0300
Processing by StaticPagesController#home as HTML
  Rendered static_pages/home.html.erb within layouts/application (3.7ms)
Warning. Error encountered while saving cache 4cbc1e77a495eacb3c96e25fcb3d6d5ff6268877/custom.css.scssc: can't dump anonymous class #<Class:0xae66ff4>

Warning. Error encountered while saving cache b9b861d74ec2e3194927f990954e40da6f717f9f/bootstrap.scssc: can't dump anonymous class #<Class:0xae66ff4>

Warning. Error encountered while saving cache ce0ae03eefcb52ad5344318928892a42a0c65680/bootstrap.scssc: can't dump anonymous class #<Class:0xae66ff4>

Warning. Error encountered while saving cache ce0ae03eefcb52ad5344318928892a42a0c65680/_variables.scssc: can't dump anonymous class #<Class:0xae66ff4>

Warning. Error encountered while saving cache ce0ae03eefcb52ad5344318928892a42a0c65680/_mixins.scssc: can't dump anonymous class #<Class:0xae66ff4>

Warning. Error encountered while saving cache ce0ae03eefcb52ad5344318928892a42a0c65680/_reset.scssc: can't dump anonymous class #<Class:0xae66ff4>

Warning. Error encountered while saving cache ce0ae03eefcb52ad5344318928892a42a0c65680/_scaffolding.scssc: can't dump anonymous class #<Class:0xae66ff4>

Warning. Error encountered while saving cache ce0ae03eefcb52ad5344318928892a42a0c65680/_grid.scssc: can't dump anonymous class #<Class:0xae66ff4>

Warning. Error encountered while saving cache ce0ae03eefcb52ad5344318928892a42a0c65680/_layouts.scssc: can't dump anonymous class #<Class:0xae66ff4>

Warning. Error encountered while saving cache ce0ae03eefcb52ad5344318928892a42a0c65680/_type.scssc: can't dump anonymous class #<Class:0xae66ff4>

Warning. Error encountered while saving cache ce0ae03eefcb52ad5344318928892a42a0c65680/_code.scssc: can't dump anonymous class #<Class:0xae66ff4>

Warning. Error encountered while saving cache ce0ae03eefcb52ad5344318928892a42a0c65680/_forms.scssc: can't dump anonymous class #<Class:0xae66ff4>

Warning. Error encountered while saving cache ce0ae03eefcb52ad5344318928892a42a0c65680/_tables.scssc: can't dump anonymous class #<Class:0xae66ff4>

Warning. Error encountered while saving cache ce0ae03eefcb52ad5344318928892a42a0c65680/_sprites.scssc: can't dump anonymous class #<Class:0xae66ff4>

Warning. Error encountered while saving cache ce0ae03eefcb52ad5344318928892a42a0c65680/_dropdowns.scssc: can't dump anonymous class #<Class:0xae66ff4>

Warning. Error encountered while saving cache ce0ae03eefcb52ad5344318928892a42a0c65680/_wells.scssc: can't dump anonymous class #<Class:0xae66ff4>

Warning. Error encountered while saving cache ce0ae03eefcb52ad5344318928892a42a0c65680/_component-animations.scssc: can't dump anonymous class #<Class:0xae66ff4>

Warning. Error encountered while saving cache ce0ae03eefcb52ad5344318928892a42a0c65680/_close.scssc: can't dump anonymous class #<Class:0xae66ff4>

Warning. Error encountered while saving cache ce0ae03eefcb52ad5344318928892a42a0c65680/_buttons.scssc: can't dump anonymous class #<Class:0xae66ff4>

Warning. Error encountered while saving cache ce0ae03eefcb52ad5344318928892a42a0c65680/_button-groups.scssc: can't dump anonymous class #<Class:0xae66ff4>

Warning. Error encountered while saving cache ce0ae03eefcb52ad5344318928892a42a0c65680/_alerts.scssc: can't dump anonymous class #<Class:0xae66ff4>

Warning. Error encountered while saving cache ce0ae03eefcb52ad5344318928892a42a0c65680/_navs.scssc: can't dump anonymous class #<Class:0xae66ff4>

Warning. Error encountered while saving cache ce0ae03eefcb52ad5344318928892a42a0c65680/_navbar.scssc: can't dump anonymous class #<Class:0xae66ff4>

Warning. Error encountered while saving cache ce0ae03eefcb52ad5344318928892a42a0c65680/_breadcrumbs.scssc: can't dump anonymous class #<Class:0xae66ff4>

Warning. Error encountered while saving cache ce0ae03eefcb52ad5344318928892a42a0c65680/_pagination.scssc: can't dump anonymous class #<Class:0xae66ff4>

Warning. Error encountered while saving cache ce0ae03eefcb52ad5344318928892a42a0c65680/_pager.scssc: can't dump anonymous class #<Class:0xae66ff4>

Warning. Error encountered while saving cache ce0ae03eefcb52ad5344318928892a42a0c65680/_modals.scssc: can't dump anonymous class #<Class:0xae66ff4>

Warning. Error encountered while saving cache ce0ae03eefcb52ad5344318928892a42a0c65680/_tooltip.scssc: can't dump anonymous class #<Class:0xae66ff4>

Warning. Error encountered while saving cache ce0ae03eefcb52ad5344318928892a42a0c65680/_popovers.scssc: can't dump anonymous class #<Class:0xae66ff4>

Warning. Error encountered while saving cache ce0ae03eefcb52ad5344318928892a42a0c65680/_thumbnails.scssc: can't dump anonymous class #<Class:0xae66ff4>

Warning. Error encountered while saving cache ce0ae03eefcb52ad5344318928892a42a0c65680/_media.scssc: can't dump anonymous class #<Class:0xae66ff4>

Warning. Error encountered while saving cache ce0ae03eefcb52ad5344318928892a42a0c65680/_labels-badges.scssc: can't dump anonymous class #<Class:0xae66ff4>

Warning. Error encountered while saving cache ce0ae03eefcb52ad5344318928892a42a0c65680/_progress-bars.scssc: can't dump anonymous class #<Class:0xae66ff4>

Warning. Error encountered while saving cache ce0ae03eefcb52ad5344318928892a42a0c65680/_accordion.scssc: can't dump anonymous class #<Class:0xae66ff4>

Warning. Error encountered while saving cache ce0ae03eefcb52ad5344318928892a42a0c65680/_carousel.scssc: can't dump anonymous class #<Class:0xae66ff4>

Warning. Error encountered while saving cache ce0ae03eefcb52ad5344318928892a42a0c65680/_hero-unit.scssc: can't dump anonymous class #<Class:0xae66ff4>

Warning. Error encountered while saving cache ce0ae03eefcb52ad5344318928892a42a0c65680/_utilities.scssc: can't dump anonymous class #<Class:0xae66ff4>

Completed 200 OK in 2153ms (Views: 2133.0ms | ActiveRecord: 0.0ms)


Started GET "/assets/application.css?body=1" for 127.0.0.1 at 2014-03-30 22:23:06 -0300


Started GET "/assets/custom.css?body=1" for 127.0.0.1 at 2014-03-30 22:23:06 -0300


Started GET "/assets/turbolinks.js?body=1" for 127.0.0.1 at 2014-03-30 22:23:06 -0300


Started GET "/assets/jquery_ujs.js?body=1" for 127.0.0.1 at 2014-03-30 22:23:06 -0300


Started GET "/assets/jquery.js?body=1" for 127.0.0.1 at 2014-03-30 22:23:06 -0300


Started GET "/assets/static_pages.css?body=1" for 127.0.0.1 at 2014-03-30 22:23:06 -0300


Started GET "/assets/static_pages.js?body=1" for 127.0.0.1 at 2014-03-30 22:23:06 -0300


Started GET "/assets/application.js?body=1" for 127.0.0.1 at 2014-03-30 22:23:06 -0300


Started GET "/assets/rails.png" for 127.0.0.1 at 2014-03-30 22:23:06 -0300


Started GET "/static_pages/home" for 127.0.0.1 at 2014-03-30 22:23:32 -0300
Processing by StaticPagesController#home as HTML
  Rendered static_pages/home.html.erb within layouts/application (2.1ms)
Warning. Error encountered while saving cache 4cbc1e77a495eacb3c96e25fcb3d6d5ff6268877/custom.css.scssc: can't dump anonymous class #<Class:0x9672f38>

Warning. Error encountered while saving cache b9b861d74ec2e3194927f990954e40da6f717f9f/bootstrap.scssc: can't dump anonymous class #<Class:0x9672f38>

Warning. Error encountered while saving cache ce0ae03eefcb52ad5344318928892a42a0c65680/bootstrap.scssc: can't dump anonymous class #<Class:0x9672f38>

Warning. Error encountered while saving cache ce0ae03eefcb52ad5344318928892a42a0c65680/_variables.scssc: can't dump anonymous class #<Class:0x9672f38>

Warning. Error encountered while saving cache ce0ae03eefcb52ad5344318928892a42a0c65680/_mixins.scssc: can't dump anonymous class #<Class:0x9672f38>

Warning. Error encountered while saving cache ce0ae03eefcb52ad5344318928892a42a0c65680/_reset.scssc: can't dump anonymous class #<Class:0x9672f38>

Warning. Error encountered while saving cache ce0ae03eefcb52ad5344318928892a42a0c65680/_scaffolding.scssc: can't dump anonymous class #<Class:0x9672f38>

Warning. Error encountered while saving cache ce0ae03eefcb52ad5344318928892a42a0c65680/_grid.scssc: can't dump anonymous class #<Class:0x9672f38>

Warning. Error encountered while saving cache ce0ae03eefcb52ad5344318928892a42a0c65680/_layouts.scssc: can't dump anonymous class #<Class:0x9672f38>

Warning. Error encountered while saving cache ce0ae03eefcb52ad5344318928892a42a0c65680/_type.scssc: can't dump anonymous class #<Class:0x9672f38>

Warning. Error encountered while saving cache ce0ae03eefcb52ad5344318928892a42a0c65680/_code.scssc: can't dump anonymous class #<Class:0x9672f38>

Warning. Error encountered while saving cache ce0ae03eefcb52ad5344318928892a42a0c65680/_forms.scssc: can't dump anonymous class #<Class:0x9672f38>

Warning. Error encountered while saving cache ce0ae03eefcb52ad5344318928892a42a0c65680/_tables.scssc: can't dump anonymous class #<Class:0x9672f38>

Warning. Error encountered while saving cache ce0ae03eefcb52ad5344318928892a42a0c65680/_sprites.scssc: can't dump anonymous class #<Class:0x9672f38>

Warning. Error encountered while saving cache ce0ae03eefcb52ad5344318928892a42a0c65680/_dropdowns.scssc: can't dump anonymous class #<Class:0x9672f38>

Warning. Error encountered while saving cache ce0ae03eefcb52ad5344318928892a42a0c65680/_wells.scssc: can't dump anonymous class #<Class:0x9672f38>

Warning. Error encountered while saving cache ce0ae03eefcb52ad5344318928892a42a0c65680/_component-animations.scssc: can't dump anonymous class #<Class:0x9672f38>

Warning. Error encountered while saving cache ce0ae03eefcb52ad5344318928892a42a0c65680/_close.scssc: can't dump anonymous class #<Class:0x9672f38>

Warning. Error encountered while saving cache ce0ae03eefcb52ad5344318928892a42a0c65680/_buttons.scssc: can't dump anonymous class #<Class:0x9672f38>

Warning. Error encountered while saving cache ce0ae03eefcb52ad5344318928892a42a0c65680/_button-groups.scssc: can't dump anonymous class #<Class:0x9672f38>

Warning. Error encountered while saving cache ce0ae03eefcb52ad5344318928892a42a0c65680/_alerts.scssc: can't dump anonymous class #<Class:0x9672f38>

Warning. Error encountered while saving cache ce0ae03eefcb52ad5344318928892a42a0c65680/_navs.scssc: can't dump anonymous class #<Class:0x9672f38>

Warning. Error encountered while saving cache ce0ae03eefcb52ad5344318928892a42a0c65680/_navbar.scssc: can't dump anonymous class #<Class:0x9672f38>

Warning. Error encountered while saving cache ce0ae03eefcb52ad5344318928892a42a0c65680/_breadcrumbs.scssc: can't dump anonymous class #<Class:0x9672f38>

Warning. Error encountered while saving cache ce0ae03eefcb52ad5344318928892a42a0c65680/_pagination.scssc: can't dump anonymous class #<Class:0x9672f38>

Warning. Error encountered while saving cache ce0ae03eefcb52ad5344318928892a42a0c65680/_pager.scssc: can't dump anonymous class #<Class:0x9672f38>

Warning. Error encountered while saving cache ce0ae03eefcb52ad5344318928892a42a0c65680/_modals.scssc: can't dump anonymous class #<Class:0x9672f38>

Warning. Error encountered while saving cache ce0ae03eefcb52ad5344318928892a42a0c65680/_tooltip.scssc: can't dump anonymous class #<Class:0x9672f38>

Warning. Error encountered while saving cache ce0ae03eefcb52ad5344318928892a42a0c65680/_popovers.scssc: can't dump anonymous class #<Class:0x9672f38>

Warning. Error encountered while saving cache ce0ae03eefcb52ad5344318928892a42a0c65680/_thumbnails.scssc: can't dump anonymous class #<Class:0x9672f38>

Warning. Error encountered while saving cache ce0ae03eefcb52ad5344318928892a42a0c65680/_media.scssc: can't dump anonymous class #<Class:0x9672f38>

Warning. Error encountered while saving cache ce0ae03eefcb52ad5344318928892a42a0c65680/_labels-badges.scssc: can't dump anonymous class #<Class:0x9672f38>

Warning. Error encountered while saving cache ce0ae03eefcb52ad5344318928892a42a0c65680/_progress-bars.scssc: can't dump anonymous class #<Class:0x9672f38>

Warning. Error encountered while saving cache ce0ae03eefcb52ad5344318928892a42a0c65680/_accordion.scssc: can't dump anonymous class #<Class:0x9672f38>

Warning. Error encountered while saving cache ce0ae03eefcb52ad5344318928892a42a0c65680/_carousel.scssc: can't dump anonymous class #<Class:0x9672f38>

Warning. Error encountered while saving cache ce0ae03eefcb52ad5344318928892a42a0c65680/_hero-unit.scssc: can't dump anonymous class #<Class:0x9672f38>

Warning. Error encountered while saving cache ce0ae03eefcb52ad5344318928892a42a0c65680/_utilities.scssc: can't dump anonymous class #<Class:0x9672f38>

Completed 200 OK in 1805ms (Views: 1803.9ms | ActiveRecord: 0.0ms)


Started GET "/assets/application.css?body=1" for 127.0.0.1 at 2014-03-30 22:23:34 -0300


Started GET "/assets/custom.css?body=1" for 127.0.0.1 at 2014-03-30 22:23:34 -0300


Started GET "/assets/jquery.js?body=1" for 127.0.0.1 at 2014-03-30 22:23:34 -0300


Started GET "/assets/jquery_ujs.js?body=1" for 127.0.0.1 at 2014-03-30 22:23:34 -0300


Started GET "/assets/turbolinks.js?body=1" for 127.0.0.1 at 2014-03-30 22:23:34 -0300


Started GET "/assets/static_pages.css?body=1" for 127.0.0.1 at 2014-03-30 22:23:34 -0300


Started GET "/assets/static_pages.js?body=1" for 127.0.0.1 at 2014-03-30 22:23:35 -0300


Started GET "/assets/rails.png" for 127.0.0.1 at 2014-03-30 22:23:35 -0300


Started GET "/assets/application.js?body=1" for 127.0.0.1 at 2014-03-30 22:23:35 -0300


Started GET "/static_pages/home" for 127.0.0.1 at 2014-03-30 22:24:16 -0300
Processing by StaticPagesController#home as HTML
  Rendered static_pages/home.html.erb within layouts/application (2.3ms)
Warning. Error encountered while saving cache 4cbc1e77a495eacb3c96e25fcb3d6d5ff6268877/custom.css.scssc: can't dump anonymous class #<Class:0x9672f38>

Warning. Error encountered while saving cache b9b861d74ec2e3194927f990954e40da6f717f9f/bootstrap.scssc: can't dump anonymous class #<Class:0x9672f38>

Warning. Error encountered while saving cache ce0ae03eefcb52ad5344318928892a42a0c65680/bootstrap.scssc: can't dump anonymous class #<Class:0x9672f38>

Warning. Error encountered while saving cache ce0ae03eefcb52ad5344318928892a42a0c65680/_variables.scssc: can't dump anonymous class #<Class:0x9672f38>

Warning. Error encountered while saving cache ce0ae03eefcb52ad5344318928892a42a0c65680/_mixins.scssc: can't dump anonymous class #<Class:0x9672f38>

Warning. Error encountered while saving cache ce0ae03eefcb52ad5344318928892a42a0c65680/_reset.scssc: can't dump anonymous class #<Class:0x9672f38>

Warning. Error encountered while saving cache ce0ae03eefcb52ad5344318928892a42a0c65680/_scaffolding.scssc: can't dump anonymous class #<Class:0x9672f38>

Warning. Error encountered while saving cache ce0ae03eefcb52ad5344318928892a42a0c65680/_grid.scssc: can't dump anonymous class #<Class:0x9672f38>

Warning. Error encountered while saving cache ce0ae03eefcb52ad5344318928892a42a0c65680/_layouts.scssc: can't dump anonymous class #<Class:0x9672f38>

Warning. Error encountered while saving cache ce0ae03eefcb52ad5344318928892a42a0c65680/_type.scssc: can't dump anonymous class #<Class:0x9672f38>

Warning. Error encountered while saving cache ce0ae03eefcb52ad5344318928892a42a0c65680/_code.scssc: can't dump anonymous class #<Class:0x9672f38>

Warning. Error encountered while saving cache ce0ae03eefcb52ad5344318928892a42a0c65680/_forms.scssc: can't dump anonymous class #<Class:0x9672f38>

Warning. Error encountered while saving cache ce0ae03eefcb52ad5344318928892a42a0c65680/_tables.scssc: can't dump anonymous class #<Class:0x9672f38>

Warning. Error encountered while saving cache ce0ae03eefcb52ad5344318928892a42a0c65680/_sprites.scssc: can't dump anonymous class #<Class:0x9672f38>

Warning. Error encountered while saving cache ce0ae03eefcb52ad5344318928892a42a0c65680/_dropdowns.scssc: can't dump anonymous class #<Class:0x9672f38>

Warning. Error encountered while saving cache ce0ae03eefcb52ad5344318928892a42a0c65680/_wells.scssc: can't dump anonymous class #<Class:0x9672f38>

Warning. Error encountered while saving cache ce0ae03eefcb52ad5344318928892a42a0c65680/_component-animations.scssc: can't dump anonymous class #<Class:0x9672f38>

Warning. Error encountered while saving cache ce0ae03eefcb52ad5344318928892a42a0c65680/_close.scssc: can't dump anonymous class #<Class:0x9672f38>

Warning. Error encountered while saving cache ce0ae03eefcb52ad5344318928892a42a0c65680/_buttons.scssc: can't dump anonymous class #<Class:0x9672f38>

Warning. Error encountered while saving cache ce0ae03eefcb52ad5344318928892a42a0c65680/_button-groups.scssc: can't dump anonymous class #<Class:0x9672f38>

Warning. Error encountered while saving cache ce0ae03eefcb52ad5344318928892a42a0c65680/_alerts.scssc: can't dump anonymous class #<Class:0x9672f38>

Warning. Error encountered while saving cache ce0ae03eefcb52ad5344318928892a42a0c65680/_navs.scssc: can't dump anonymous class #<Class:0x9672f38>

Warning. Error encountered while saving cache ce0ae03eefcb52ad5344318928892a42a0c65680/_navbar.scssc: can't dump anonymous class #<Class:0x9672f38>

Warning. Error encountered while saving cache ce0ae03eefcb52ad5344318928892a42a0c65680/_breadcrumbs.scssc: can't dump anonymous class #<Class:0x9672f38>

Warning. Error encountered while saving cache ce0ae03eefcb52ad5344318928892a42a0c65680/_pagination.scssc: can't dump anonymous class #<Class:0x9672f38>

Warning. Error encountered while saving cache ce0ae03eefcb52ad5344318928892a42a0c65680/_pager.scssc: can't dump anonymous class #<Class:0x9672f38>

Warning. Error encountered while saving cache ce0ae03eefcb52ad5344318928892a42a0c65680/_modals.scssc: can't dump anonymous class #<Class:0x9672f38>

Warning. Error encountered while saving cache ce0ae03eefcb52ad5344318928892a42a0c65680/_tooltip.scssc: can't dump anonymous class #<Class:0x9672f38>

Warning. Error encountered while saving cache ce0ae03eefcb52ad5344318928892a42a0c65680/_popovers.scssc: can't dump anonymous class #<Class:0x9672f38>

Warning. Error encountered while saving cache ce0ae03eefcb52ad5344318928892a42a0c65680/_thumbnails.scssc: can't dump anonymous class #<Class:0x9672f38>

Warning. Error encountered while saving cache ce0ae03eefcb52ad5344318928892a42a0c65680/_media.scssc: can't dump anonymous class #<Class:0x9672f38>

Warning. Error encountered while saving cache ce0ae03eefcb52ad5344318928892a42a0c65680/_labels-badges.scssc: can't dump anonymous class #<Class:0x9672f38>

Warning. Error encountered while saving cache ce0ae03eefcb52ad5344318928892a42a0c65680/_progress-bars.scssc: can't dump anonymous class #<Class:0x9672f38>

Warning. Error encountered while saving cache ce0ae03eefcb52ad5344318928892a42a0c65680/_accordion.scssc: can't dump anonymous class #<Class:0x9672f38>

Warning. Error encountered while saving cache ce0ae03eefcb52ad5344318928892a42a0c65680/_carousel.scssc: can't dump anonymous class #<Class:0x9672f38>

Warning. Error encountered while saving cache ce0ae03eefcb52ad5344318928892a42a0c65680/_hero-unit.scssc: can't dump anonymous class #<Class:0x9672f38>

Warning. Error encountered while saving cache ce0ae03eefcb52ad5344318928892a42a0c65680/_utilities.scssc: can't dump anonymous class #<Class:0x9672f38>

Completed 200 OK in 1687ms (Views: 1686.3ms | ActiveRecord: 0.0ms)


Started GET "/assets/application.css?body=1" for 127.0.0.1 at 2014-03-30 22:24:18 -0300


Started GET "/assets/custom.css?body=1" for 127.0.0.1 at 2014-03-30 22:24:18 -0300


Started GET "/assets/turbolinks.js?body=1" for 127.0.0.1 at 2014-03-30 22:24:18 -0300


Started GET "/assets/static_pages.css?body=1" for 127.0.0.1 at 2014-03-30 22:24:18 -0300


Started GET "/assets/jquery.js?body=1" for 127.0.0.1 at 2014-03-30 22:24:18 -0300


Started GET "/assets/jquery_ujs.js?body=1" for 127.0.0.1 at 2014-03-30 22:24:18 -0300


Started GET "/assets/rails.png" for 127.0.0.1 at 2014-03-30 22:24:18 -0300


Started GET "/assets/static_pages.js?body=1" for 127.0.0.1 at 2014-03-30 22:24:18 -0300


Started GET "/assets/application.js?body=1" for 127.0.0.1 at 2014-03-30 22:24:18 -0300


Started GET "/static_pages/home" for 127.0.0.1 at 2014-03-30 22:24:41 -0300
Processing by StaticPagesController#home as HTML
  Rendered static_pages/home.html.erb within layouts/application (0.2ms)
Warning. Error encountered while saving cache 4cbc1e77a495eacb3c96e25fcb3d6d5ff6268877/custom.css.scssc: can't dump anonymous class #<Class:0x9672f38>

Warning. Error encountered while saving cache b9b861d74ec2e3194927f990954e40da6f717f9f/bootstrap.scssc: can't dump anonymous class #<Class:0x9672f38>

Warning. Error encountered while saving cache ce0ae03eefcb52ad5344318928892a42a0c65680/bootstrap.scssc: can't dump anonymous class #<Class:0x9672f38>

Warning. Error encountered while saving cache ce0ae03eefcb52ad5344318928892a42a0c65680/_variables.scssc: can't dump anonymous class #<Class:0x9672f38>

Warning. Error encountered while saving cache ce0ae03eefcb52ad5344318928892a42a0c65680/_mixins.scssc: can't dump anonymous class #<Class:0x9672f38>

Warning. Error encountered while saving cache ce0ae03eefcb52ad5344318928892a42a0c65680/_reset.scssc: can't dump anonymous class #<Class:0x9672f38>

Warning. Error encountered while saving cache ce0ae03eefcb52ad5344318928892a42a0c65680/_scaffolding.scssc: can't dump anonymous class #<Class:0x9672f38>

Warning. Error encountered while saving cache ce0ae03eefcb52ad5344318928892a42a0c65680/_grid.scssc: can't dump anonymous class #<Class:0x9672f38>

Warning. Error encountered while saving cache ce0ae03eefcb52ad5344318928892a42a0c65680/_layouts.scssc: can't dump anonymous class #<Class:0x9672f38>

Warning. Error encountered while saving cache ce0ae03eefcb52ad5344318928892a42a0c65680/_type.scssc: can't dump anonymous class #<Class:0x9672f38>

Warning. Error encountered while saving cache ce0ae03eefcb52ad5344318928892a42a0c65680/_code.scssc: can't dump anonymous class #<Class:0x9672f38>

Warning. Error encountered while saving cache ce0ae03eefcb52ad5344318928892a42a0c65680/_forms.scssc: can't dump anonymous class #<Class:0x9672f38>

Warning. Error encountered while saving cache ce0ae03eefcb52ad5344318928892a42a0c65680/_tables.scssc: can't dump anonymous class #<Class:0x9672f38>

Warning. Error encountered while saving cache ce0ae03eefcb52ad5344318928892a42a0c65680/_sprites.scssc: can't dump anonymous class #<Class:0x9672f38>

Warning. Error encountered while saving cache ce0ae03eefcb52ad5344318928892a42a0c65680/_dropdowns.scssc: can't dump anonymous class #<Class:0x9672f38>

Warning. Error encountered while saving cache ce0ae03eefcb52ad5344318928892a42a0c65680/_wells.scssc: can't dump anonymous class #<Class:0x9672f38>

Warning. Error encountered while saving cache ce0ae03eefcb52ad5344318928892a42a0c65680/_component-animations.scssc: can't dump anonymous class #<Class:0x9672f38>

Warning. Error encountered while saving cache ce0ae03eefcb52ad5344318928892a42a0c65680/_close.scssc: can't dump anonymous class #<Class:0x9672f38>

Warning. Error encountered while saving cache ce0ae03eefcb52ad5344318928892a42a0c65680/_buttons.scssc: can't dump anonymous class #<Class:0x9672f38>

Warning. Error encountered while saving cache ce0ae03eefcb52ad5344318928892a42a0c65680/_button-groups.scssc: can't dump anonymous class #<Class:0x9672f38>

Warning. Error encountered while saving cache ce0ae03eefcb52ad5344318928892a42a0c65680/_alerts.scssc: can't dump anonymous class #<Class:0x9672f38>

Warning. Error encountered while saving cache ce0ae03eefcb52ad5344318928892a42a0c65680/_navs.scssc: can't dump anonymous class #<Class:0x9672f38>

Warning. Error encountered while saving cache ce0ae03eefcb52ad5344318928892a42a0c65680/_navbar.scssc: can't dump anonymous class #<Class:0x9672f38>

Warning. Error encountered while saving cache ce0ae03eefcb52ad5344318928892a42a0c65680/_breadcrumbs.scssc: can't dump anonymous class #<Class:0x9672f38>

Warning. Error encountered while saving cache ce0ae03eefcb52ad5344318928892a42a0c65680/_pagination.scssc: can't dump anonymous class #<Class:0x9672f38>

Warning. Error encountered while saving cache ce0ae03eefcb52ad5344318928892a42a0c65680/_pager.scssc: can't dump anonymous class #<Class:0x9672f38>

Warning. Error encountered while saving cache ce0ae03eefcb52ad5344318928892a42a0c65680/_modals.scssc: can't dump anonymous class #<Class:0x9672f38>

Warning. Error encountered while saving cache ce0ae03eefcb52ad5344318928892a42a0c65680/_tooltip.scssc: can't dump anonymous class #<Class:0x9672f38>

Warning. Error encountered while saving cache ce0ae03eefcb52ad5344318928892a42a0c65680/_popovers.scssc: can't dump anonymous class #<Class:0x9672f38>

Warning. Error encountered while saving cache ce0ae03eefcb52ad5344318928892a42a0c65680/_thumbnails.scssc: can't dump anonymous class #<Class:0x9672f38>

Warning. Error encountered while saving cache ce0ae03eefcb52ad5344318928892a42a0c65680/_media.scssc: can't dump anonymous class #<Class:0x9672f38>

Warning. Error encountered while saving cache ce0ae03eefcb52ad5344318928892a42a0c65680/_labels-badges.scssc: can't dump anonymous class #<Class:0x9672f38>

Warning. Error encountered while saving cache ce0ae03eefcb52ad5344318928892a42a0c65680/_progress-bars.scssc: can't dump anonymous class #<Class:0x9672f38>

Warning. Error encountered while saving cache ce0ae03eefcb52ad5344318928892a42a0c65680/_accordion.scssc: can't dump anonymous class #<Class:0x9672f38>

Warning. Error encountered while saving cache ce0ae03eefcb52ad5344318928892a42a0c65680/_carousel.scssc: can't dump anonymous class #<Class:0x9672f38>

Warning. Error encountered while saving cache ce0ae03eefcb52ad5344318928892a42a0c65680/_hero-unit.scssc: can't dump anonymous class #<Class:0x9672f38>

Warning. Error encountered while saving cache ce0ae03eefcb52ad5344318928892a42a0c65680/_utilities.scssc: can't dump anonymous class #<Class:0x9672f38>

Completed 200 OK in 1677ms (Views: 1677.0ms | ActiveRecord: 0.0ms)


Started GET "/assets/application.css?body=1" for 127.0.0.1 at 2014-03-30 22:24:43 -0300


Started GET "/assets/custom.css?body=1" for 127.0.0.1 at 2014-03-30 22:24:43 -0300


Started GET "/assets/static_pages.css?body=1" for 127.0.0.1 at 2014-03-30 22:24:43 -0300


Started GET "/assets/jquery.js?body=1" for 127.0.0.1 at 2014-03-30 22:24:43 -0300


Started GET "/assets/turbolinks.js?body=1" for 127.0.0.1 at 2014-03-30 22:24:43 -0300


Started GET "/assets/jquery_ujs.js?body=1" for 127.0.0.1 at 2014-03-30 22:24:43 -0300


Started GET "/assets/static_pages.js?body=1" for 127.0.0.1 at 2014-03-30 22:24:43 -0300


Started GET "/assets/rails.png" for 127.0.0.1 at 2014-03-30 22:24:43 -0300


Started GET "/assets/application.js?body=1" for 127.0.0.1 at 2014-03-30 22:24:43 -0300


Started GET "/static_pages/home" for 127.0.0.1 at 2014-03-30 22:27:15 -0300
Processing by StaticPagesController#home as HTML
  Rendered static_pages/home.html.erb within layouts/application (0.2ms)
Warning. Error encountered while saving cache 4cbc1e77a495eacb3c96e25fcb3d6d5ff6268877/custom.css.scssc: can't dump anonymous class #<Class:0x9672f38>

Warning. Error encountered while saving cache b9b861d74ec2e3194927f990954e40da6f717f9f/bootstrap.scssc: can't dump anonymous class #<Class:0x9672f38>

Warning. Error encountered while saving cache ce0ae03eefcb52ad5344318928892a42a0c65680/bootstrap.scssc: can't dump anonymous class #<Class:0x9672f38>

Warning. Error encountered while saving cache ce0ae03eefcb52ad5344318928892a42a0c65680/_variables.scssc: can't dump anonymous class #<Class:0x9672f38>

Warning. Error encountered while saving cache ce0ae03eefcb52ad5344318928892a42a0c65680/_mixins.scssc: can't dump anonymous class #<Class:0x9672f38>

Warning. Error encountered while saving cache ce0ae03eefcb52ad5344318928892a42a0c65680/_reset.scssc: can't dump anonymous class #<Class:0x9672f38>

Warning. Error encountered while saving cache ce0ae03eefcb52ad5344318928892a42a0c65680/_scaffolding.scssc: can't dump anonymous class #<Class:0x9672f38>

Warning. Error encountered while saving cache ce0ae03eefcb52ad5344318928892a42a0c65680/_grid.scssc: can't dump anonymous class #<Class:0x9672f38>

Warning. Error encountered while saving cache ce0ae03eefcb52ad5344318928892a42a0c65680/_layouts.scssc: can't dump anonymous class #<Class:0x9672f38>

Warning. Error encountered while saving cache ce0ae03eefcb52ad5344318928892a42a0c65680/_type.scssc: can't dump anonymous class #<Class:0x9672f38>

Warning. Error encountered while saving cache ce0ae03eefcb52ad5344318928892a42a0c65680/_code.scssc: can't dump anonymous class #<Class:0x9672f38>

Warning. Error encountered while saving cache ce0ae03eefcb52ad5344318928892a42a0c65680/_forms.scssc: can't dump anonymous class #<Class:0x9672f38>

Warning. Error encountered while saving cache ce0ae03eefcb52ad5344318928892a42a0c65680/_tables.scssc: can't dump anonymous class #<Class:0x9672f38>

Warning. Error encountered while saving cache ce0ae03eefcb52ad5344318928892a42a0c65680/_sprites.scssc: can't dump anonymous class #<Class:0x9672f38>

Warning. Error encountered while saving cache ce0ae03eefcb52ad5344318928892a42a0c65680/_dropdowns.scssc: can't dump anonymous class #<Class:0x9672f38>

Warning. Error encountered while saving cache ce0ae03eefcb52ad5344318928892a42a0c65680/_wells.scssc: can't dump anonymous class #<Class:0x9672f38>

Warning. Error encountered while saving cache ce0ae03eefcb52ad5344318928892a42a0c65680/_component-animations.scssc: can't dump anonymous class #<Class:0x9672f38>

Warning. Error encountered while saving cache ce0ae03eefcb52ad5344318928892a42a0c65680/_close.scssc: can't dump anonymous class #<Class:0x9672f38>

Warning. Error encountered while saving cache ce0ae03eefcb52ad5344318928892a42a0c65680/_buttons.scssc: can't dump anonymous class #<Class:0x9672f38>

Warning. Error encountered while saving cache ce0ae03eefcb52ad5344318928892a42a0c65680/_button-groups.scssc: can't dump anonymous class #<Class:0x9672f38>

Warning. Error encountered while saving cache ce0ae03eefcb52ad5344318928892a42a0c65680/_alerts.scssc: can't dump anonymous class #<Class:0x9672f38>

Warning. Error encountered while saving cache ce0ae03eefcb52ad5344318928892a42a0c65680/_navs.scssc: can't dump anonymous class #<Class:0x9672f38>

Warning. Error encountered while saving cache ce0ae03eefcb52ad5344318928892a42a0c65680/_navbar.scssc: can't dump anonymous class #<Class:0x9672f38>

Warning. Error encountered while saving cache ce0ae03eefcb52ad5344318928892a42a0c65680/_breadcrumbs.scssc: can't dump anonymous class #<Class:0x9672f38>

Warning. Error encountered while saving cache ce0ae03eefcb52ad5344318928892a42a0c65680/_pagination.scssc: can't dump anonymous class #<Class:0x9672f38>

Warning. Error encountered while saving cache ce0ae03eefcb52ad5344318928892a42a0c65680/_pager.scssc: can't dump anonymous class #<Class:0x9672f38>

Warning. Error encountered while saving cache ce0ae03eefcb52ad5344318928892a42a0c65680/_modals.scssc: can't dump anonymous class #<Class:0x9672f38>

Warning. Error encountered while saving cache ce0ae03eefcb52ad5344318928892a42a0c65680/_tooltip.scssc: can't dump anonymous class #<Class:0x9672f38>

Warning. Error encountered while saving cache ce0ae03eefcb52ad5344318928892a42a0c65680/_popovers.scssc: can't dump anonymous class #<Class:0x9672f38>

Warning. Error encountered while saving cache ce0ae03eefcb52ad5344318928892a42a0c65680/_thumbnails.scssc: can't dump anonymous class #<Class:0x9672f38>

Warning. Error encountered while saving cache ce0ae03eefcb52ad5344318928892a42a0c65680/_media.scssc: can't dump anonymous class #<Class:0x9672f38>

Warning. Error encountered while saving cache ce0ae03eefcb52ad5344318928892a42a0c65680/_labels-badges.scssc: can't dump anonymous class #<Class:0x9672f38>

Warning. Error encountered while saving cache ce0ae03eefcb52ad5344318928892a42a0c65680/_progress-bars.scssc: can't dump anonymous class #<Class:0x9672f38>

Warning. Error encountered while saving cache ce0ae03eefcb52ad5344318928892a42a0c65680/_accordion.scssc: can't dump anonymous class #<Class:0x9672f38>

Warning. Error encountered while saving cache ce0ae03eefcb52ad5344318928892a42a0c65680/_carousel.scssc: can't dump anonymous class #<Class:0x9672f38>

Warning. Error encountered while saving cache ce0ae03eefcb52ad5344318928892a42a0c65680/_hero-unit.scssc: can't dump anonymous class #<Class:0x9672f38>

Warning. Error encountered while saving cache ce0ae03eefcb52ad5344318928892a42a0c65680/_utilities.scssc: can't dump anonymous class #<Class:0x9672f38>

  Rendered layouts/_shim.html.erb (0.2ms)
  Rendered layouts/_header.html.erb (0.4ms)
  Rendered layouts/_footer.html.erb (0.3ms)
Completed 200 OK in 1665ms (Views: 1665.2ms | ActiveRecord: 0.0ms)


Started GET "/assets/application.css?body=1" for 127.0.0.1 at 2014-03-30 22:27:17 -0300


Started GET "/assets/custom.css?body=1" for 127.0.0.1 at 2014-03-30 22:27:17 -0300


Started GET "/assets/static_pages.css?body=1" for 127.0.0.1 at 2014-03-30 22:27:17 -0300


Started GET "/assets/jquery.js?body=1" for 127.0.0.1 at 2014-03-30 22:27:17 -0300


Started GET "/assets/turbolinks.js?body=1" for 127.0.0.1 at 2014-03-30 22:27:17 -0300


Started GET "/assets/jquery_ujs.js?body=1" for 127.0.0.1 at 2014-03-30 22:27:17 -0300


Started GET "/assets/static_pages.js?body=1" for 127.0.0.1 at 2014-03-30 22:27:17 -0300


Started GET "/assets/application.js?body=1" for 127.0.0.1 at 2014-03-30 22:27:17 -0300


Started GET "/assets/rails.png" for 127.0.0.1 at 2014-03-30 22:27:17 -0300


Started GET "/static_pages/home" for 127.0.0.1 at 2014-03-30 22:30:54 -0300
Processing by StaticPagesController#home as HTML
  Rendered static_pages/home.html.erb within layouts/application (3.3ms)
Warning. Error encountered while saving cache 4cbc1e77a495eacb3c96e25fcb3d6d5ff6268877/custom.css.scssc: can't dump anonymous class #<Class:0x9c7eef4>

Warning. Error encountered while saving cache b9b861d74ec2e3194927f990954e40da6f717f9f/bootstrap.scssc: can't dump anonymous class #<Class:0x9c7eef4>

Warning. Error encountered while saving cache ce0ae03eefcb52ad5344318928892a42a0c65680/bootstrap.scssc: can't dump anonymous class #<Class:0x9c7eef4>

Warning. Error encountered while saving cache ce0ae03eefcb52ad5344318928892a42a0c65680/_variables.scssc: can't dump anonymous class #<Class:0x9c7eef4>

Warning. Error encountered while saving cache ce0ae03eefcb52ad5344318928892a42a0c65680/_mixins.scssc: can't dump anonymous class #<Class:0x9c7eef4>

Warning. Error encountered while saving cache ce0ae03eefcb52ad5344318928892a42a0c65680/_reset.scssc: can't dump anonymous class #<Class:0x9c7eef4>

Warning. Error encountered while saving cache ce0ae03eefcb52ad5344318928892a42a0c65680/_scaffolding.scssc: can't dump anonymous class #<Class:0x9c7eef4>

Warning. Error encountered while saving cache ce0ae03eefcb52ad5344318928892a42a0c65680/_grid.scssc: can't dump anonymous class #<Class:0x9c7eef4>

Warning. Error encountered while saving cache ce0ae03eefcb52ad5344318928892a42a0c65680/_layouts.scssc: can't dump anonymous class #<Class:0x9c7eef4>

Warning. Error encountered while saving cache ce0ae03eefcb52ad5344318928892a42a0c65680/_type.scssc: can't dump anonymous class #<Class:0x9c7eef4>

Warning. Error encountered while saving cache ce0ae03eefcb52ad5344318928892a42a0c65680/_code.scssc: can't dump anonymous class #<Class:0x9c7eef4>

Warning. Error encountered while saving cache ce0ae03eefcb52ad5344318928892a42a0c65680/_forms.scssc: can't dump anonymous class #<Class:0x9c7eef4>

Warning. Error encountered while saving cache ce0ae03eefcb52ad5344318928892a42a0c65680/_tables.scssc: can't dump anonymous class #<Class:0x9c7eef4>

Warning. Error encountered while saving cache ce0ae03eefcb52ad5344318928892a42a0c65680/_sprites.scssc: can't dump anonymous class #<Class:0x9c7eef4>

Warning. Error encountered while saving cache ce0ae03eefcb52ad5344318928892a42a0c65680/_dropdowns.scssc: can't dump anonymous class #<Class:0x9c7eef4>

Warning. Error encountered while saving cache ce0ae03eefcb52ad5344318928892a42a0c65680/_wells.scssc: can't dump anonymous class #<Class:0x9c7eef4>

Warning. Error encountered while saving cache ce0ae03eefcb52ad5344318928892a42a0c65680/_component-animations.scssc: can't dump anonymous class #<Class:0x9c7eef4>

Warning. Error encountered while saving cache ce0ae03eefcb52ad5344318928892a42a0c65680/_close.scssc: can't dump anonymous class #<Class:0x9c7eef4>

Warning. Error encountered while saving cache ce0ae03eefcb52ad5344318928892a42a0c65680/_buttons.scssc: can't dump anonymous class #<Class:0x9c7eef4>

Warning. Error encountered while saving cache ce0ae03eefcb52ad5344318928892a42a0c65680/_button-groups.scssc: can't dump anonymous class #<Class:0x9c7eef4>

Warning. Error encountered while saving cache ce0ae03eefcb52ad5344318928892a42a0c65680/_alerts.scssc: can't dump anonymous class #<Class:0x9c7eef4>

Warning. Error encountered while saving cache ce0ae03eefcb52ad5344318928892a42a0c65680/_navs.scssc: can't dump anonymous class #<Class:0x9c7eef4>

Warning. Error encountered while saving cache ce0ae03eefcb52ad5344318928892a42a0c65680/_navbar.scssc: can't dump anonymous class #<Class:0x9c7eef4>

Warning. Error encountered while saving cache ce0ae03eefcb52ad5344318928892a42a0c65680/_breadcrumbs.scssc: can't dump anonymous class #<Class:0x9c7eef4>

Warning. Error encountered while saving cache ce0ae03eefcb52ad5344318928892a42a0c65680/_pagination.scssc: can't dump anonymous class #<Class:0x9c7eef4>

Warning. Error encountered while saving cache ce0ae03eefcb52ad5344318928892a42a0c65680/_pager.scssc: can't dump anonymous class #<Class:0x9c7eef4>

Warning. Error encountered while saving cache ce0ae03eefcb52ad5344318928892a42a0c65680/_modals.scssc: can't dump anonymous class #<Class:0x9c7eef4>

Warning. Error encountered while saving cache ce0ae03eefcb52ad5344318928892a42a0c65680/_tooltip.scssc: can't dump anonymous class #<Class:0x9c7eef4>

Warning. Error encountered while saving cache ce0ae03eefcb52ad5344318928892a42a0c65680/_popovers.scssc: can't dump anonymous class #<Class:0x9c7eef4>

Warning. Error encountered while saving cache ce0ae03eefcb52ad5344318928892a42a0c65680/_thumbnails.scssc: can't dump anonymous class #<Class:0x9c7eef4>

Warning. Error encountered while saving cache ce0ae03eefcb52ad5344318928892a42a0c65680/_media.scssc: can't dump anonymous class #<Class:0x9c7eef4>

Warning. Error encountered while saving cache ce0ae03eefcb52ad5344318928892a42a0c65680/_labels-badges.scssc: can't dump anonymous class #<Class:0x9c7eef4>

Warning. Error encountered while saving cache ce0ae03eefcb52ad5344318928892a42a0c65680/_progress-bars.scssc: can't dump anonymous class #<Class:0x9c7eef4>

Warning. Error encountered while saving cache ce0ae03eefcb52ad5344318928892a42a0c65680/_accordion.scssc: can't dump anonymous class #<Class:0x9c7eef4>

Warning. Error encountered while saving cache ce0ae03eefcb52ad5344318928892a42a0c65680/_carousel.scssc: can't dump anonymous class #<Class:0x9c7eef4>

Warning. Error encountered while saving cache ce0ae03eefcb52ad5344318928892a42a0c65680/_hero-unit.scssc: can't dump anonymous class #<Class:0x9c7eef4>

Warning. Error encountered while saving cache ce0ae03eefcb52ad5344318928892a42a0c65680/_utilities.scssc: can't dump anonymous class #<Class:0x9c7eef4>

  Rendered layouts/_shim.html.erb (0.2ms)
  Rendered layouts/_header.html.erb (0.9ms)
  Rendered layouts/_footer.html.erb (0.2ms)
Completed 200 OK in 1667ms (Views: 1648.5ms | ActiveRecord: 0.0ms)


Started GET "/assets/application.css?body=1" for 127.0.0.1 at 2014-03-30 22:30:55 -0300


Started GET "/assets/custom.css?body=1" for 127.0.0.1 at 2014-03-30 22:30:55 -0300


Started GET "/assets/static_pages.css?body=1" for 127.0.0.1 at 2014-03-30 22:30:56 -0300


Started GET "/assets/jquery.js?body=1" for 127.0.0.1 at 2014-03-30 22:30:56 -0300


Started GET "/assets/jquery_ujs.js?body=1" for 127.0.0.1 at 2014-03-30 22:30:56 -0300


Started GET "/assets/turbolinks.js?body=1" for 127.0.0.1 at 2014-03-30 22:30:56 -0300


Started GET "/assets/static_pages.js?body=1" for 127.0.0.1 at 2014-03-30 22:30:56 -0300


Started GET "/assets/application.js?body=1" for 127.0.0.1 at 2014-03-30 22:30:56 -0300


Started GET "/assets/rails.png" for 127.0.0.1 at 2014-03-30 22:30:56 -0300


Started GET "/static_pages/home" for 127.0.0.1 at 2014-03-30 22:31:11 -0300
Processing by StaticPagesController#home as HTML
  Rendered static_pages/home.html.erb within layouts/application (0.2ms)
Warning. Error encountered while saving cache 4cbc1e77a495eacb3c96e25fcb3d6d5ff6268877/custom.css.scssc: can't dump anonymous class #<Class:0x9c7eef4>

Warning. Error encountered while saving cache b9b861d74ec2e3194927f990954e40da6f717f9f/bootstrap.scssc: can't dump anonymous class #<Class:0x9c7eef4>

Warning. Error encountered while saving cache ce0ae03eefcb52ad5344318928892a42a0c65680/bootstrap.scssc: can't dump anonymous class #<Class:0x9c7eef4>

Warning. Error encountered while saving cache ce0ae03eefcb52ad5344318928892a42a0c65680/_variables.scssc: can't dump anonymous class #<Class:0x9c7eef4>

Warning. Error encountered while saving cache ce0ae03eefcb52ad5344318928892a42a0c65680/_mixins.scssc: can't dump anonymous class #<Class:0x9c7eef4>

Warning. Error encountered while saving cache ce0ae03eefcb52ad5344318928892a42a0c65680/_reset.scssc: can't dump anonymous class #<Class:0x9c7eef4>

Warning. Error encountered while saving cache ce0ae03eefcb52ad5344318928892a42a0c65680/_scaffolding.scssc: can't dump anonymous class #<Class:0x9c7eef4>

Warning. Error encountered while saving cache ce0ae03eefcb52ad5344318928892a42a0c65680/_grid.scssc: can't dump anonymous class #<Class:0x9c7eef4>

Warning. Error encountered while saving cache ce0ae03eefcb52ad5344318928892a42a0c65680/_layouts.scssc: can't dump anonymous class #<Class:0x9c7eef4>

Warning. Error encountered while saving cache ce0ae03eefcb52ad5344318928892a42a0c65680/_type.scssc: can't dump anonymous class #<Class:0x9c7eef4>

Warning. Error encountered while saving cache ce0ae03eefcb52ad5344318928892a42a0c65680/_code.scssc: can't dump anonymous class #<Class:0x9c7eef4>

Warning. Error encountered while saving cache ce0ae03eefcb52ad5344318928892a42a0c65680/_forms.scssc: can't dump anonymous class #<Class:0x9c7eef4>

Warning. Error encountered while saving cache ce0ae03eefcb52ad5344318928892a42a0c65680/_tables.scssc: can't dump anonymous class #<Class:0x9c7eef4>

Warning. Error encountered while saving cache ce0ae03eefcb52ad5344318928892a42a0c65680/_sprites.scssc: can't dump anonymous class #<Class:0x9c7eef4>

Warning. Error encountered while saving cache ce0ae03eefcb52ad5344318928892a42a0c65680/_dropdowns.scssc: can't dump anonymous class #<Class:0x9c7eef4>

Warning. Error encountered while saving cache ce0ae03eefcb52ad5344318928892a42a0c65680/_wells.scssc: can't dump anonymous class #<Class:0x9c7eef4>

Warning. Error encountered while saving cache ce0ae03eefcb52ad5344318928892a42a0c65680/_component-animations.scssc: can't dump anonymous class #<Class:0x9c7eef4>

Warning. Error encountered while saving cache ce0ae03eefcb52ad5344318928892a42a0c65680/_close.scssc: can't dump anonymous class #<Class:0x9c7eef4>

Warning. Error encountered while saving cache ce0ae03eefcb52ad5344318928892a42a0c65680/_buttons.scssc: can't dump anonymous class #<Class:0x9c7eef4>

Warning. Error encountered while saving cache ce0ae03eefcb52ad5344318928892a42a0c65680/_button-groups.scssc: can't dump anonymous class #<Class:0x9c7eef4>

Warning. Error encountered while saving cache ce0ae03eefcb52ad5344318928892a42a0c65680/_alerts.scssc: can't dump anonymous class #<Class:0x9c7eef4>

Warning. Error encountered while saving cache ce0ae03eefcb52ad5344318928892a42a0c65680/_navs.scssc: can't dump anonymous class #<Class:0x9c7eef4>

Warning. Error encountered while saving cache ce0ae03eefcb52ad5344318928892a42a0c65680/_navbar.scssc: can't dump anonymous class #<Class:0x9c7eef4>

Warning. Error encountered while saving cache ce0ae03eefcb52ad5344318928892a42a0c65680/_breadcrumbs.scssc: can't dump anonymous class #<Class:0x9c7eef4>

Warning. Error encountered while saving cache ce0ae03eefcb52ad5344318928892a42a0c65680/_pagination.scssc: can't dump anonymous class #<Class:0x9c7eef4>

Warning. Error encountered while saving cache ce0ae03eefcb52ad5344318928892a42a0c65680/_pager.scssc: can't dump anonymous class #<Class:0x9c7eef4>

Warning. Error encountered while saving cache ce0ae03eefcb52ad5344318928892a42a0c65680/_modals.scssc: can't dump anonymous class #<Class:0x9c7eef4>

Warning. Error encountered while saving cache ce0ae03eefcb52ad5344318928892a42a0c65680/_tooltip.scssc: can't dump anonymous class #<Class:0x9c7eef4>

Warning. Error encountered while saving cache ce0ae03eefcb52ad5344318928892a42a0c65680/_popovers.scssc: can't dump anonymous class #<Class:0x9c7eef4>

Warning. Error encountered while saving cache ce0ae03eefcb52ad5344318928892a42a0c65680/_thumbnails.scssc: can't dump anonymous class #<Class:0x9c7eef4>

Warning. Error encountered while saving cache ce0ae03eefcb52ad5344318928892a42a0c65680/_media.scssc: can't dump anonymous class #<Class:0x9c7eef4>

Warning. Error encountered while saving cache ce0ae03eefcb52ad5344318928892a42a0c65680/_labels-badges.scssc: can't dump anonymous class #<Class:0x9c7eef4>

Warning. Error encountered while saving cache ce0ae03eefcb52ad5344318928892a42a0c65680/_progress-bars.scssc: can't dump anonymous class #<Class:0x9c7eef4>

Warning. Error encountered while saving cache ce0ae03eefcb52ad5344318928892a42a0c65680/_accordion.scssc: can't dump anonymous class #<Class:0x9c7eef4>

Warning. Error encountered while saving cache ce0ae03eefcb52ad5344318928892a42a0c65680/_carousel.scssc: can't dump anonymous class #<Class:0x9c7eef4>

Warning. Error encountered while saving cache ce0ae03eefcb52ad5344318928892a42a0c65680/_hero-unit.scssc: can't dump anonymous class #<Class:0x9c7eef4>

Warning. Error encountered while saving cache ce0ae03eefcb52ad5344318928892a42a0c65680/_utilities.scssc: can't dump anonymous class #<Class:0x9c7eef4>

  Rendered layouts/_shim.html.erb (0.0ms)
  Rendered layouts/_header.html.erb (0.1ms)
  Rendered layouts/_footer.html.erb (0.1ms)
Completed 200 OK in 1636ms (Views: 1635.5ms | ActiveRecord: 0.0ms)


Started GET "/assets/application.css?body=1" for 127.0.0.1 at 2014-03-30 22:31:13 -0300


Started GET "/assets/custom.css?body=1" for 127.0.0.1 at 2014-03-30 22:31:13 -0300


Started GET "/assets/static_pages.css?body=1" for 127.0.0.1 at 2014-03-30 22:31:13 -0300


Started GET "/assets/jquery.js?body=1" for 127.0.0.1 at 2014-03-30 22:31:13 -0300


Started GET "/assets/jquery_ujs.js?body=1" for 127.0.0.1 at 2014-03-30 22:31:13 -0300


Started GET "/assets/turbolinks.js?body=1" for 127.0.0.1 at 2014-03-30 22:31:13 -0300


Started GET "/assets/rails.png" for 127.0.0.1 at 2014-03-30 22:31:13 -0300


Started GET "/assets/application.js?body=1" for 127.0.0.1 at 2014-03-30 22:31:13 -0300


Started GET "/assets/static_pages.js?body=1" for 127.0.0.1 at 2014-03-30 22:31:13 -0300


Started GET "/static_pages/home" for 127.0.0.1 at 2014-03-30 22:31:31 -0300
Processing by StaticPagesController#home as HTML
  Rendered static_pages/home.html.erb within layouts/application (0.2ms)
Warning. Error encountered while saving cache 4cbc1e77a495eacb3c96e25fcb3d6d5ff6268877/custom.css.scssc: can't dump anonymous class #<Class:0x9c7eef4>

Warning. Error encountered while saving cache b9b861d74ec2e3194927f990954e40da6f717f9f/bootstrap.scssc: can't dump anonymous class #<Class:0x9c7eef4>

Warning. Error encountered while saving cache ce0ae03eefcb52ad5344318928892a42a0c65680/bootstrap.scssc: can't dump anonymous class #<Class:0x9c7eef4>

Warning. Error encountered while saving cache ce0ae03eefcb52ad5344318928892a42a0c65680/_variables.scssc: can't dump anonymous class #<Class:0x9c7eef4>

Warning. Error encountered while saving cache ce0ae03eefcb52ad5344318928892a42a0c65680/_mixins.scssc: can't dump anonymous class #<Class:0x9c7eef4>

Warning. Error encountered while saving cache ce0ae03eefcb52ad5344318928892a42a0c65680/_reset.scssc: can't dump anonymous class #<Class:0x9c7eef4>

Warning. Error encountered while saving cache ce0ae03eefcb52ad5344318928892a42a0c65680/_scaffolding.scssc: can't dump anonymous class #<Class:0x9c7eef4>

Warning. Error encountered while saving cache ce0ae03eefcb52ad5344318928892a42a0c65680/_grid.scssc: can't dump anonymous class #<Class:0x9c7eef4>

Warning. Error encountered while saving cache ce0ae03eefcb52ad5344318928892a42a0c65680/_layouts.scssc: can't dump anonymous class #<Class:0x9c7eef4>

Warning. Error encountered while saving cache ce0ae03eefcb52ad5344318928892a42a0c65680/_type.scssc: can't dump anonymous class #<Class:0x9c7eef4>

Warning. Error encountered while saving cache ce0ae03eefcb52ad5344318928892a42a0c65680/_code.scssc: can't dump anonymous class #<Class:0x9c7eef4>

Warning. Error encountered while saving cache ce0ae03eefcb52ad5344318928892a42a0c65680/_forms.scssc: can't dump anonymous class #<Class:0x9c7eef4>

Warning. Error encountered while saving cache ce0ae03eefcb52ad5344318928892a42a0c65680/_tables.scssc: can't dump anonymous class #<Class:0x9c7eef4>

Warning. Error encountered while saving cache ce0ae03eefcb52ad5344318928892a42a0c65680/_sprites.scssc: can't dump anonymous class #<Class:0x9c7eef4>

Warning. Error encountered while saving cache ce0ae03eefcb52ad5344318928892a42a0c65680/_dropdowns.scssc: can't dump anonymous class #<Class:0x9c7eef4>

Warning. Error encountered while saving cache ce0ae03eefcb52ad5344318928892a42a0c65680/_wells.scssc: can't dump anonymous class #<Class:0x9c7eef4>

Warning. Error encountered while saving cache ce0ae03eefcb52ad5344318928892a42a0c65680/_component-animations.scssc: can't dump anonymous class #<Class:0x9c7eef4>

Warning. Error encountered while saving cache ce0ae03eefcb52ad5344318928892a42a0c65680/_close.scssc: can't dump anonymous class #<Class:0x9c7eef4>

Warning. Error encountered while saving cache ce0ae03eefcb52ad5344318928892a42a0c65680/_buttons.scssc: can't dump anonymous class #<Class:0x9c7eef4>

Warning. Error encountered while saving cache ce0ae03eefcb52ad5344318928892a42a0c65680/_button-groups.scssc: can't dump anonymous class #<Class:0x9c7eef4>

Warning. Error encountered while saving cache ce0ae03eefcb52ad5344318928892a42a0c65680/_alerts.scssc: can't dump anonymous class #<Class:0x9c7eef4>

Warning. Error encountered while saving cache ce0ae03eefcb52ad5344318928892a42a0c65680/_navs.scssc: can't dump anonymous class #<Class:0x9c7eef4>

Warning. Error encountered while saving cache ce0ae03eefcb52ad5344318928892a42a0c65680/_navbar.scssc: can't dump anonymous class #<Class:0x9c7eef4>

Warning. Error encountered while saving cache ce0ae03eefcb52ad5344318928892a42a0c65680/_breadcrumbs.scssc: can't dump anonymous class #<Class:0x9c7eef4>

Warning. Error encountered while saving cache ce0ae03eefcb52ad5344318928892a42a0c65680/_pagination.scssc: can't dump anonymous class #<Class:0x9c7eef4>

Warning. Error encountered while saving cache ce0ae03eefcb52ad5344318928892a42a0c65680/_pager.scssc: can't dump anonymous class #<Class:0x9c7eef4>

Warning. Error encountered while saving cache ce0ae03eefcb52ad5344318928892a42a0c65680/_modals.scssc: can't dump anonymous class #<Class:0x9c7eef4>

Warning. Error encountered while saving cache ce0ae03eefcb52ad5344318928892a42a0c65680/_tooltip.scssc: can't dump anonymous class #<Class:0x9c7eef4>

Warning. Error encountered while saving cache ce0ae03eefcb52ad5344318928892a42a0c65680/_popovers.scssc: can't dump anonymous class #<Class:0x9c7eef4>

Warning. Error encountered while saving cache ce0ae03eefcb52ad5344318928892a42a0c65680/_thumbnails.scssc: can't dump anonymous class #<Class:0x9c7eef4>

Warning. Error encountered while saving cache ce0ae03eefcb52ad5344318928892a42a0c65680/_media.scssc: can't dump anonymous class #<Class:0x9c7eef4>

Warning. Error encountered while saving cache ce0ae03eefcb52ad5344318928892a42a0c65680/_labels-badges.scssc: can't dump anonymous class #<Class:0x9c7eef4>

Warning. Error encountered while saving cache ce0ae03eefcb52ad5344318928892a42a0c65680/_progress-bars.scssc: can't dump anonymous class #<Class:0x9c7eef4>

Warning. Error encountered while saving cache ce0ae03eefcb52ad5344318928892a42a0c65680/_accordion.scssc: can't dump anonymous class #<Class:0x9c7eef4>

Warning. Error encountered while saving cache ce0ae03eefcb52ad5344318928892a42a0c65680/_carousel.scssc: can't dump anonymous class #<Class:0x9c7eef4>

Warning. Error encountered while saving cache ce0ae03eefcb52ad5344318928892a42a0c65680/_hero-unit.scssc: can't dump anonymous class #<Class:0x9c7eef4>

Warning. Error encountered while saving cache ce0ae03eefcb52ad5344318928892a42a0c65680/_utilities.scssc: can't dump anonymous class #<Class:0x9c7eef4>

  Rendered layouts/_shim.html.erb (0.0ms)
  Rendered layouts/_header.html.erb (0.1ms)
  Rendered layouts/_footer.html.erb (0.1ms)
Completed 200 OK in 1704ms (Views: 1703.8ms | ActiveRecord: 0.0ms)


Started GET "/assets/application.css?body=1" for 127.0.0.1 at 2014-03-30 22:31:33 -0300


Started GET "/assets/custom.css?body=1" for 127.0.0.1 at 2014-03-30 22:31:33 -0300


Started GET "/assets/static_pages.css?body=1" for 127.0.0.1 at 2014-03-30 22:31:33 -0300


Started GET "/assets/turbolinks.js?body=1" for 127.0.0.1 at 2014-03-30 22:31:33 -0300


Started GET "/assets/jquery_ujs.js?body=1" for 127.0.0.1 at 2014-03-30 22:31:33 -0300


Started GET "/assets/jquery.js?body=1" for 127.0.0.1 at 2014-03-30 22:31:33 -0300


Started GET "/assets/rails.png" for 127.0.0.1 at 2014-03-30 22:31:33 -0300


Started GET "/assets/application.js?body=1" for 127.0.0.1 at 2014-03-30 22:31:33 -0300


Started GET "/assets/static_pages.js?body=1" for 127.0.0.1 at 2014-03-30 22:31:33 -0300


Started GET "/static_pages/home" for 127.0.0.1 at 2014-03-30 22:32:06 -0300
Processing by StaticPagesController#home as HTML
  Rendered static_pages/home.html.erb within layouts/application (0.2ms)
Warning. Error encountered while saving cache 4cbc1e77a495eacb3c96e25fcb3d6d5ff6268877/custom.css.scssc: can't dump anonymous class #<Class:0x9c7eef4>

Warning. Error encountered while saving cache b9b861d74ec2e3194927f990954e40da6f717f9f/bootstrap.scssc: can't dump anonymous class #<Class:0x9c7eef4>

Warning. Error encountered while saving cache ce0ae03eefcb52ad5344318928892a42a0c65680/bootstrap.scssc: can't dump anonymous class #<Class:0x9c7eef4>

Warning. Error encountered while saving cache ce0ae03eefcb52ad5344318928892a42a0c65680/_variables.scssc: can't dump anonymous class #<Class:0x9c7eef4>

Warning. Error encountered while saving cache ce0ae03eefcb52ad5344318928892a42a0c65680/_mixins.scssc: can't dump anonymous class #<Class:0x9c7eef4>

Warning. Error encountered while saving cache ce0ae03eefcb52ad5344318928892a42a0c65680/_reset.scssc: can't dump anonymous class #<Class:0x9c7eef4>

Warning. Error encountered while saving cache ce0ae03eefcb52ad5344318928892a42a0c65680/_scaffolding.scssc: can't dump anonymous class #<Class:0x9c7eef4>

Warning. Error encountered while saving cache ce0ae03eefcb52ad5344318928892a42a0c65680/_grid.scssc: can't dump anonymous class #<Class:0x9c7eef4>

Warning. Error encountered while saving cache ce0ae03eefcb52ad5344318928892a42a0c65680/_layouts.scssc: can't dump anonymous class #<Class:0x9c7eef4>

Warning. Error encountered while saving cache ce0ae03eefcb52ad5344318928892a42a0c65680/_type.scssc: can't dump anonymous class #<Class:0x9c7eef4>

Warning. Error encountered while saving cache ce0ae03eefcb52ad5344318928892a42a0c65680/_code.scssc: can't dump anonymous class #<Class:0x9c7eef4>

Warning. Error encountered while saving cache ce0ae03eefcb52ad5344318928892a42a0c65680/_forms.scssc: can't dump anonymous class #<Class:0x9c7eef4>

Warning. Error encountered while saving cache ce0ae03eefcb52ad5344318928892a42a0c65680/_tables.scssc: can't dump anonymous class #<Class:0x9c7eef4>

Warning. Error encountered while saving cache ce0ae03eefcb52ad5344318928892a42a0c65680/_sprites.scssc: can't dump anonymous class #<Class:0x9c7eef4>

Warning. Error encountered while saving cache ce0ae03eefcb52ad5344318928892a42a0c65680/_dropdowns.scssc: can't dump anonymous class #<Class:0x9c7eef4>

Warning. Error encountered while saving cache ce0ae03eefcb52ad5344318928892a42a0c65680/_wells.scssc: can't dump anonymous class #<Class:0x9c7eef4>

Warning. Error encountered while saving cache ce0ae03eefcb52ad5344318928892a42a0c65680/_component-animations.scssc: can't dump anonymous class #<Class:0x9c7eef4>

Warning. Error encountered while saving cache ce0ae03eefcb52ad5344318928892a42a0c65680/_close.scssc: can't dump anonymous class #<Class:0x9c7eef4>

Warning. Error encountered while saving cache ce0ae03eefcb52ad5344318928892a42a0c65680/_buttons.scssc: can't dump anonymous class #<Class:0x9c7eef4>

Warning. Error encountered while saving cache ce0ae03eefcb52ad5344318928892a42a0c65680/_button-groups.scssc: can't dump anonymous class #<Class:0x9c7eef4>

Warning. Error encountered while saving cache ce0ae03eefcb52ad5344318928892a42a0c65680/_alerts.scssc: can't dump anonymous class #<Class:0x9c7eef4>

Warning. Error encountered while saving cache ce0ae03eefcb52ad5344318928892a42a0c65680/_navs.scssc: can't dump anonymous class #<Class:0x9c7eef4>

Warning. Error encountered while saving cache ce0ae03eefcb52ad5344318928892a42a0c65680/_navbar.scssc: can't dump anonymous class #<Class:0x9c7eef4>

Warning. Error encountered while saving cache ce0ae03eefcb52ad5344318928892a42a0c65680/_breadcrumbs.scssc: can't dump anonymous class #<Class:0x9c7eef4>

Warning. Error encountered while saving cache ce0ae03eefcb52ad5344318928892a42a0c65680/_pagination.scssc: can't dump anonymous class #<Class:0x9c7eef4>

Warning. Error encountered while saving cache ce0ae03eefcb52ad5344318928892a42a0c65680/_pager.scssc: can't dump anonymous class #<Class:0x9c7eef4>

Warning. Error encountered while saving cache ce0ae03eefcb52ad5344318928892a42a0c65680/_modals.scssc: can't dump anonymous class #<Class:0x9c7eef4>

Warning. Error encountered while saving cache ce0ae03eefcb52ad5344318928892a42a0c65680/_tooltip.scssc: can't dump anonymous class #<Class:0x9c7eef4>

Warning. Error encountered while saving cache ce0ae03eefcb52ad5344318928892a42a0c65680/_popovers.scssc: can't dump anonymous class #<Class:0x9c7eef4>

Warning. Error encountered while saving cache ce0ae03eefcb52ad5344318928892a42a0c65680/_thumbnails.scssc: can't dump anonymous class #<Class:0x9c7eef4>

Warning. Error encountered while saving cache ce0ae03eefcb52ad5344318928892a42a0c65680/_media.scssc: can't dump anonymous class #<Class:0x9c7eef4>

Warning. Error encountered while saving cache ce0ae03eefcb52ad5344318928892a42a0c65680/_labels-badges.scssc: can't dump anonymous class #<Class:0x9c7eef4>

Warning. Error encountered while saving cache ce0ae03eefcb52ad5344318928892a42a0c65680/_progress-bars.scssc: can't dump anonymous class #<Class:0x9c7eef4>

Warning. Error encountered while saving cache ce0ae03eefcb52ad5344318928892a42a0c65680/_accordion.scssc: can't dump anonymous class #<Class:0x9c7eef4>

Warning. Error encountered while saving cache ce0ae03eefcb52ad5344318928892a42a0c65680/_carousel.scssc: can't dump anonymous class #<Class:0x9c7eef4>

Warning. Error encountered while saving cache ce0ae03eefcb52ad5344318928892a42a0c65680/_hero-unit.scssc: can't dump anonymous class #<Class:0x9c7eef4>

Warning. Error encountered while saving cache ce0ae03eefcb52ad5344318928892a42a0c65680/_utilities.scssc: can't dump anonymous class #<Class:0x9c7eef4>

  Rendered layouts/_shim.html.erb (0.0ms)
  Rendered layouts/_header.html.erb (0.1ms)
  Rendered layouts/_footer.html.erb (0.1ms)
Completed 200 OK in 1690ms (Views: 1689.6ms | ActiveRecord: 0.0ms)


Started GET "/assets/application.css?body=1" for 127.0.0.1 at 2014-03-30 22:32:08 -0300


Started GET "/assets/custom.css?body=1" for 127.0.0.1 at 2014-03-30 22:32:08 -0300


Started GET "/assets/jquery.js?body=1" for 127.0.0.1 at 2014-03-30 22:32:08 -0300


Started GET "/assets/static_pages.css?body=1" for 127.0.0.1 at 2014-03-30 22:32:08 -0300


Started GET "/assets/jquery_ujs.js?body=1" for 127.0.0.1 at 2014-03-30 22:32:08 -0300


Started GET "/assets/turbolinks.js?body=1" for 127.0.0.1 at 2014-03-30 22:32:08 -0300


Started GET "/assets/rails.png" for 127.0.0.1 at 2014-03-30 22:32:08 -0300


Started GET "/assets/application.js?body=1" for 127.0.0.1 at 2014-03-30 22:32:08 -0300


Started GET "/assets/static_pages.js?body=1" for 127.0.0.1 at 2014-03-30 22:32:08 -0300


Started GET "/static_pages/home" for 127.0.0.1 at 2014-03-30 22:32:15 -0300
Processing by StaticPagesController#home as HTML
  Rendered static_pages/home.html.erb within layouts/application (3.2ms)
  Rendered layouts/_shim.html.erb (1.7ms)
  Rendered layouts/_header.html.erb (0.4ms)
  Rendered layouts/_footer.html.erb (0.4ms)
Completed 200 OK in 25ms (Views: 24.6ms | ActiveRecord: 0.0ms)


Started GET "/assets/rails.png" for 127.0.0.1 at 2014-03-30 22:32:15 -0300


Started GET "/static_pages/home" for 127.0.0.1 at 2014-03-30 22:32:16 -0300
Processing by StaticPagesController#home as HTML
  Rendered static_pages/home.html.erb within layouts/application (0.2ms)
  Rendered layouts/_shim.html.erb (0.0ms)
  Rendered layouts/_header.html.erb (0.1ms)
  Rendered layouts/_footer.html.erb (0.1ms)
Completed 200 OK in 24ms (Views: 23.3ms | ActiveRecord: 0.0ms)


Started GET "/assets/rails.png" for 127.0.0.1 at 2014-03-30 22:32:16 -0300


Started GET "/static_pages/home" for 127.0.0.1 at 2014-03-30 22:32:17 -0300
Processing by StaticPagesController#home as HTML
  Rendered static_pages/home.html.erb within layouts/application (0.2ms)
  Rendered layouts/_shim.html.erb (0.0ms)
  Rendered layouts/_header.html.erb (0.1ms)
  Rendered layouts/_footer.html.erb (0.1ms)
Completed 200 OK in 6ms (Views: 5.8ms | ActiveRecord: 0.0ms)


Started GET "/assets/rails.png" for 127.0.0.1 at 2014-03-30 22:32:17 -0300


Started GET "/static_pages/home" for 127.0.0.1 at 2014-03-30 22:32:18 -0300
Processing by StaticPagesController#home as HTML
  Rendered static_pages/home.html.erb within layouts/application (0.2ms)
  Rendered layouts/_shim.html.erb (0.0ms)
  Rendered layouts/_header.html.erb (0.1ms)
  Rendered layouts/_footer.html.erb (0.1ms)
Completed 200 OK in 5ms (Views: 5.0ms | ActiveRecord: 0.0ms)


Started GET "/assets/rails.png" for 127.0.0.1 at 2014-03-30 22:32:18 -0300


Started GET "/static_pages/home" for 127.0.0.1 at 2014-03-30 22:32:18 -0300
Processing by StaticPagesController#home as HTML
  Rendered static_pages/home.html.erb within layouts/application (0.2ms)
  Rendered layouts/_shim.html.erb (0.0ms)
  Rendered layouts/_header.html.erb (0.1ms)
  Rendered layouts/_footer.html.erb (0.1ms)
Completed 200 OK in 5ms (Views: 5.3ms | ActiveRecord: 0.0ms)


Started GET "/assets/rails.png" for 127.0.0.1 at 2014-03-30 22:32:18 -0300


Started GET "/static_pages/home" for 127.0.0.1 at 2014-03-30 22:32:19 -0300
Processing by StaticPagesController#home as HTML
  Rendered static_pages/home.html.erb within layouts/application (0.1ms)
  Rendered layouts/_shim.html.erb (0.0ms)
  Rendered layouts/_header.html.erb (0.1ms)
  Rendered layouts/_footer.html.erb (0.1ms)
Completed 200 OK in 5ms (Views: 4.8ms | ActiveRecord: 0.0ms)


Started GET "/assets/rails.png" for 127.0.0.1 at 2014-03-30 22:32:19 -0300


Started GET "/static_pages/home" for 127.0.0.1 at 2014-03-30 22:32:19 -0300
Processing by StaticPagesController#home as HTML
  Rendered static_pages/home.html.erb within layouts/application (0.1ms)
  Rendered layouts/_shim.html.erb (0.0ms)
  Rendered layouts/_header.html.erb (0.1ms)
  Rendered layouts/_footer.html.erb (0.1ms)
Completed 200 OK in 6ms (Views: 5.9ms | ActiveRecord: 0.0ms)


Started GET "/assets/rails.png" for 127.0.0.1 at 2014-03-30 22:32:19 -0300


Started GET "/static_pages/home" for 127.0.0.1 at 2014-03-30 22:32:20 -0300
Processing by StaticPagesController#home as HTML
  Rendered static_pages/home.html.erb within layouts/application (0.2ms)
  Rendered layouts/_shim.html.erb (0.0ms)
  Rendered layouts/_header.html.erb (0.1ms)
  Rendered layouts/_footer.html.erb (0.1ms)
Completed 200 OK in 7ms (Views: 6.4ms | ActiveRecord: 0.0ms)


Started GET "/assets/rails.png" for 127.0.0.1 at 2014-03-30 22:32:20 -0300


Started GET "/static_pages/home" for 127.0.0.1 at 2014-03-30 22:39:03 -0300

ActionController::RoutingError (No route matches [GET] "/static_pages/home"):
  actionpack (4.0.4) lib/action_dispatch/middleware/debug_exceptions.rb:21:in `call'
  actionpack (4.0.4) lib/action_dispatch/middleware/show_exceptions.rb:30:in `call'
  railties (4.0.4) lib/rails/rack/logger.rb:38:in `call_app'
  railties (4.0.4) lib/rails/rack/logger.rb:20:in `block in call'
  activesupport (4.0.4) lib/active_support/tagged_logging.rb:68:in `block in tagged'
  activesupport (4.0.4) lib/active_support/tagged_logging.rb:26:in `tagged'
  activesupport (4.0.4) lib/active_support/tagged_logging.rb:68:in `tagged'
  railties (4.0.4) lib/rails/rack/logger.rb:20:in `call'
  actionpack (4.0.4) lib/action_dispatch/middleware/request_id.rb:21:in `call'
  rack (1.5.2) lib/rack/methodoverride.rb:21:in `call'
  rack (1.5.2) lib/rack/runtime.rb:17:in `call'
  activesupport (4.0.4) lib/active_support/cache/strategy/local_cache.rb:83:in `call'
  rack (1.5.2) lib/rack/lock.rb:17:in `call'
  actionpack (4.0.4) lib/action_dispatch/middleware/static.rb:64:in `call'
  rack (1.5.2) lib/rack/sendfile.rb:112:in `call'
  railties (4.0.4) lib/rails/engine.rb:511:in `call'
  railties (4.0.4) lib/rails/application.rb:97:in `call'
  rack (1.5.2) lib/rack/lock.rb:17:in `call'
  rack (1.5.2) lib/rack/content_length.rb:14:in `call'
  rack (1.5.2) lib/rack/handler/webrick.rb:60:in `service'
  /home/saasbook/.rvm/rubies/ruby-2.0.0-p353/lib/ruby/2.0.0/webrick/httpserver.rb:138:in `service'
  /home/saasbook/.rvm/rubies/ruby-2.0.0-p353/lib/ruby/2.0.0/webrick/httpserver.rb:94:in `run'
  /home/saasbook/.rvm/rubies/ruby-2.0.0-p353/lib/ruby/2.0.0/webrick/server.rb:295:in `block in start_thread'


  Rendered /home/saasbook/.rvm/gems/ruby-2.0.0-p353@railstutorial_rails_4_0/gems/actionpack-4.0.4/lib/action_dispatch/middleware/templates/rescues/_trace.erb (0.3ms)
  Rendered /home/saasbook/.rvm/gems/ruby-2.0.0-p353@railstutorial_rails_4_0/gems/actionpack-4.0.4/lib/action_dispatch/middleware/templates/routes/_route.html.erb (1.3ms)
  Rendered /home/saasbook/.rvm/gems/ruby-2.0.0-p353@railstutorial_rails_4_0/gems/actionpack-4.0.4/lib/action_dispatch/middleware/templates/routes/_table.html.erb (4.0ms)
  Rendered /home/saasbook/.rvm/gems/ruby-2.0.0-p353@railstutorial_rails_4_0/gems/actionpack-4.0.4/lib/action_dispatch/middleware/templates/rescues/routing_error.erb within rescues/layout (45.5ms)


Started GET "/about" for 127.0.0.1 at 2014-03-30 22:39:17 -0300
Processing by StaticPagesController#about as HTML
  Rendered static_pages/about.html.erb within layouts/application (0.3ms)
  Rendered layouts/_shim.html.erb (0.2ms)
  Rendered layouts/_header.html.erb (0.5ms)
  Rendered layouts/_footer.html.erb (0.4ms)
Completed 200 OK in 79ms (Views: 78.8ms | ActiveRecord: 0.0ms)


Started GET "/assets/application.css?body=1" for 127.0.0.1 at 2014-03-30 22:39:17 -0300


Started GET "/assets/custom.css?body=1" for 127.0.0.1 at 2014-03-30 22:39:17 -0300


Started GET "/assets/static_pages.css?body=1" for 127.0.0.1 at 2014-03-30 22:39:17 -0300


Started GET "/assets/jquery.js?body=1" for 127.0.0.1 at 2014-03-30 22:39:17 -0300


Started GET "/assets/jquery_ujs.js?body=1" for 127.0.0.1 at 2014-03-30 22:39:17 -0300


Started GET "/assets/turbolinks.js?body=1" for 127.0.0.1 at 2014-03-30 22:39:17 -0300


Started GET "/assets/static_pages.js?body=1" for 127.0.0.1 at 2014-03-30 22:39:17 -0300


Started GET "/assets/application.js?body=1" for 127.0.0.1 at 2014-03-30 22:39:17 -0300


Started GET "/" for 127.0.0.1 at 2014-03-30 22:39:21 -0300
Processing by StaticPagesController#home as HTML
  Rendered static_pages/home.html.erb within layouts/application (1.3ms)
  Rendered layouts/_shim.html.erb (0.3ms)
  Rendered layouts/_header.html.erb (0.8ms)
  Rendered layouts/_footer.html.erb (0.6ms)
Completed 200 OK in 22ms (Views: 21.3ms | ActiveRecord: 0.0ms)


Started GET "/assets/rails.png" for 127.0.0.1 at 2014-03-30 22:39:21 -0300


Started GET "/help" for 127.0.0.1 at 2014-03-30 22:39:22 -0300
Processing by StaticPagesController#help as HTML
  Rendered static_pages/help.html.erb within layouts/application (0.3ms)
  Rendered layouts/_shim.html.erb (0.1ms)
  Rendered layouts/_header.html.erb (1.8ms)
  Rendered layouts/_footer.html.erb (0.1ms)
Completed 200 OK in 15ms (Views: 14.4ms | ActiveRecord: 0.0ms)


Started GET "/" for 127.0.0.1 at 2014-03-30 22:39:23 -0300
Processing by StaticPagesController#home as HTML
  Rendered static_pages/home.html.erb within layouts/application (0.2ms)
  Rendered layouts/_shim.html.erb (0.0ms)
  Rendered layouts/_header.html.erb (0.2ms)
  Rendered layouts/_footer.html.erb (0.1ms)
Completed 200 OK in 12ms (Views: 12.2ms | ActiveRecord: 0.0ms)


Started GET "/assets/rails.png" for 127.0.0.1 at 2014-03-30 22:39:23 -0300


Started GET "/about" for 127.0.0.1 at 2014-03-30 22:39:24 -0300
Processing by StaticPagesController#about as HTML
  Rendered static_pages/about.html.erb within layouts/application (0.3ms)
  Rendered layouts/_shim.html.erb (0.0ms)
  Rendered layouts/_header.html.erb (0.3ms)
  Rendered layouts/_footer.html.erb (0.1ms)
Completed 200 OK in 15ms (Views: 14.9ms | ActiveRecord: 0.0ms)


Started GET "/contact" for 127.0.0.1 at 2014-03-30 22:39:25 -0300
Processing by StaticPagesController#contact as HTML
  Rendered static_pages/contact.html.erb within layouts/application (0.3ms)
  Rendered layouts/_shim.html.erb (0.0ms)
  Rendered layouts/_header.html.erb (0.8ms)
  Rendered layouts/_footer.html.erb (0.1ms)
Completed 200 OK in 54ms (Views: 54.1ms | ActiveRecord: 0.0ms)


Started GET "/" for 127.0.0.1 at 2014-03-30 22:39:30 -0300
Processing by StaticPagesController#home as HTML
  Rendered static_pages/home.html.erb within layouts/application (0.2ms)
  Rendered layouts/_shim.html.erb (0.1ms)
  Rendered layouts/_header.html.erb (0.2ms)
  Rendered layouts/_footer.html.erb (0.1ms)
Completed 200 OK in 18ms (Views: 18.0ms | ActiveRecord: 0.0ms)


Started GET "/assets/rails.png" for 127.0.0.1 at 2014-03-30 22:39:30 -0300


Started GET "/signup" for 127.0.0.1 at 2014-03-30 22:45:56 -0300
Processing by UsersController#new as HTML
  Rendered users/new.html.erb within layouts/application (1.0ms)
Warning. Error encountered while saving cache 4cbc1e77a495eacb3c96e25fcb3d6d5ff6268877/users.css.scssc: can't dump anonymous class #<Class:0x9ab2f58>

  Rendered layouts/_shim.html.erb (0.2ms)
  Rendered layouts/_header.html.erb (0.6ms)
  Rendered layouts/_footer.html.erb (0.4ms)
Completed 200 OK in 185ms (Views: 184.5ms | ActiveRecord: 0.0ms)


Started GET "/assets/application.css?body=1" for 127.0.0.1 at 2014-03-30 22:45:56 -0300


Started GET "/assets/custom.css?body=1" for 127.0.0.1 at 2014-03-30 22:45:56 -0300


Started GET "/assets/static_pages.css?body=1" for 127.0.0.1 at 2014-03-30 22:45:56 -0300


Started GET "/assets/jquery.js?body=1" for 127.0.0.1 at 2014-03-30 22:45:56 -0300


Started GET "/assets/users.css?body=1" for 127.0.0.1 at 2014-03-30 22:45:56 -0300


Started GET "/assets/jquery_ujs.js?body=1" for 127.0.0.1 at 2014-03-30 22:45:56 -0300


Started GET "/assets/application.js?body=1" for 127.0.0.1 at 2014-03-30 22:45:56 -0300


Started GET "/assets/turbolinks.js?body=1" for 127.0.0.1 at 2014-03-30 22:45:56 -0300


Started GET "/assets/static_pages.js?body=1" for 127.0.0.1 at 2014-03-30 22:45:56 -0300


Started GET "/assets/users.js?body=1" for 127.0.0.1 at 2014-03-30 22:45:56 -0300


Started GET "/" for 127.0.0.1 at 2014-03-30 22:52:31 -0300
Processing by StaticPagesController#home as HTML
  Rendered static_pages/home.html.erb within layouts/application (2.1ms)
  Rendered layouts/_shim.html.erb (0.2ms)
  Rendered layouts/_header.html.erb (0.5ms)
  Rendered layouts/_footer.html.erb (0.4ms)
Completed 200 OK in 114ms (Views: 113.7ms | ActiveRecord: 0.0ms)


Started GET "/assets/application.css?body=1" for 127.0.0.1 at 2014-03-30 22:52:31 -0300


Started GET "/assets/custom.css?body=1" for 127.0.0.1 at 2014-03-30 22:52:31 -0300


Started GET "/assets/static_pages.css?body=1" for 127.0.0.1 at 2014-03-30 22:52:31 -0300


Started GET "/assets/turbolinks.js?body=1" for 127.0.0.1 at 2014-03-30 22:52:31 -0300


Started GET "/assets/users.css?body=1" for 127.0.0.1 at 2014-03-30 22:52:31 -0300


Started GET "/assets/static_pages.js?body=1" for 127.0.0.1 at 2014-03-30 22:52:31 -0300


Started GET "/assets/users.js?body=1" for 127.0.0.1 at 2014-03-30 22:52:31 -0300


Started GET "/assets/jquery_ujs.js?body=1" for 127.0.0.1 at 2014-03-30 22:52:31 -0300


Started GET "/assets/jquery.js?body=1" for 127.0.0.1 at 2014-03-30 22:52:31 -0300


Started GET "/assets/application.js?body=1" for 127.0.0.1 at 2014-03-30 22:52:31 -0300


Started GET "/assets/rails.png" for 127.0.0.1 at 2014-03-30 22:52:31 -0300


Started GET "/signup" for 127.0.0.1 at 2014-03-30 22:52:32 -0300
Processing by UsersController#new as HTML
  Rendered users/new.html.erb within layouts/application (0.2ms)
  Rendered layouts/_shim.html.erb (0.3ms)
  Rendered layouts/_header.html.erb (2.0ms)
  Rendered layouts/_footer.html.erb (0.4ms)
Completed 200 OK in 59ms (Views: 58.1ms | ActiveRecord: 0.0ms)


Started GET "/" for 127.0.0.1 at 2014-03-30 22:52:35 -0300
Processing by StaticPagesController#home as HTML
  Rendered static_pages/home.html.erb within layouts/application (0.3ms)
  Rendered layouts/_shim.html.erb (0.0ms)
  Rendered layouts/_header.html.erb (0.2ms)
  Rendered layouts/_footer.html.erb (0.1ms)
Completed 200 OK in 15ms (Views: 14.4ms | ActiveRecord: 0.0ms)


Started GET "/assets/application.css?body=1" for 127.0.0.1 at 2014-03-30 22:52:35 -0300


Started GET "/assets/custom.css?body=1" for 127.0.0.1 at 2014-03-30 22:52:35 -0300


Started GET "/assets/static_pages.css?body=1" for 127.0.0.1 at 2014-03-30 22:52:35 -0300


Started GET "/assets/users.css?body=1" for 127.0.0.1 at 2014-03-30 22:52:35 -0300


Started GET "/assets/jquery.js?body=1" for 127.0.0.1 at 2014-03-30 22:52:35 -0300


Started GET "/assets/jquery_ujs.js?body=1" for 127.0.0.1 at 2014-03-30 22:52:35 -0300


Started GET "/assets/turbolinks.js?body=1" for 127.0.0.1 at 2014-03-30 22:52:35 -0300


Started GET "/assets/users.js?body=1" for 127.0.0.1 at 2014-03-30 22:52:35 -0300


Started GET "/assets/static_pages.js?body=1" for 127.0.0.1 at 2014-03-30 22:52:35 -0300


Started GET "/assets/rails.png" for 127.0.0.1 at 2014-03-30 22:52:35 -0300


Started GET "/assets/application.js?body=1" for 127.0.0.1 at 2014-03-30 22:52:35 -0300


Started GET "/signup" for 127.0.0.1 at 2014-03-30 22:52:36 -0300
Processing by UsersController#new as HTML
  Rendered users/new.html.erb within layouts/application (0.1ms)
  Rendered layouts/_shim.html.erb (0.0ms)
  Rendered layouts/_header.html.erb (0.4ms)
  Rendered layouts/_footer.html.erb (0.1ms)
Completed 200 OK in 16ms (Views: 15.8ms | ActiveRecord: 0.0ms)


Started GET "/" for 127.0.0.1 at 2014-03-30 22:52:41 -0300
Processing by StaticPagesController#home as HTML
  Rendered static_pages/home.html.erb within layouts/application (0.6ms)
  Rendered layouts/_shim.html.erb (0.0ms)
  Rendered layouts/_header.html.erb (0.2ms)
  Rendered layouts/_footer.html.erb (0.2ms)
Completed 200 OK in 52ms (Views: 51.4ms | ActiveRecord: 0.0ms)


Started GET "/assets/rails.png" for 127.0.0.1 at 2014-03-30 22:52:41 -0300


Started GET "/" for 127.0.0.1 at 2014-03-30 22:52:41 -0300
Processing by StaticPagesController#home as HTML
  Rendered static_pages/home.html.erb within layouts/application (0.2ms)
  Rendered layouts/_shim.html.erb (0.1ms)
  Rendered layouts/_header.html.erb (0.2ms)
  Rendered layouts/_footer.html.erb (0.1ms)
Completed 200 OK in 15ms (Views: 15.2ms | ActiveRecord: 0.0ms)


Started GET "/assets/rails.png" for 127.0.0.1 at 2014-03-30 22:52:41 -0300


Started GET "/help" for 127.0.0.1 at 2014-03-30 22:52:42 -0300
Processing by StaticPagesController#help as HTML
  Rendered static_pages/help.html.erb within layouts/application (0.3ms)
  Rendered layouts/_shim.html.erb (0.0ms)
  Rendered layouts/_header.html.erb (0.8ms)
  Rendered layouts/_footer.html.erb (0.1ms)
Completed 200 OK in 18ms (Views: 17.8ms | ActiveRecord: 0.0ms)


Started GET "/about" for 127.0.0.1 at 2014-03-30 22:52:43 -0300
Processing by StaticPagesController#about as HTML
  Rendered static_pages/about.html.erb within layouts/application (0.3ms)
  Rendered layouts/_shim.html.erb (0.0ms)
  Rendered layouts/_header.html.erb (0.2ms)
  Rendered layouts/_footer.html.erb (0.2ms)
Completed 200 OK in 16ms (Views: 15.2ms | ActiveRecord: 0.0ms)


Started GET "/" for 127.0.0.1 at 2014-03-30 22:52:44 -0300
Processing by StaticPagesController#home as HTML
  Rendered static_pages/home.html.erb within layouts/application (0.2ms)
  Rendered layouts/_shim.html.erb (0.0ms)
  Rendered layouts/_header.html.erb (0.2ms)
  Rendered layouts/_footer.html.erb (0.1ms)
Completed 200 OK in 17ms (Views: 16.5ms | ActiveRecord: 0.0ms)


Started GET "/assets/rails.png" for 127.0.0.1 at 2014-03-30 22:52:44 -0300


Started GET "/assets/rails.png" for 127.0.0.1 at 2014-03-30 22:52:48 -0300


Started GET "/assets/rails.png" for 127.0.0.1 at 2014-03-30 23:00:36 -0300


Started GET "/" for 127.0.0.1 at 2014-03-30 23:11:46 -0300
Processing by StaticPagesController#home as HTML
  Rendered static_pages/home.html.erb within layouts/application (2.4ms)
  Rendered layouts/_shim.html.erb (0.2ms)
  Rendered layouts/_header.html.erb (0.6ms)
  Rendered layouts/_footer.html.erb (0.0ms)
Completed 200 OK in 82ms (Views: 81.2ms | ActiveRecord: 0.0ms)


Started GET "/assets/application.css?body=1" for 127.0.0.1 at 2014-03-30 23:11:46 -0300


Started GET "/assets/custom.css?body=1" for 127.0.0.1 at 2014-03-30 23:11:46 -0300


Started GET "/assets/static_pages.css?body=1" for 127.0.0.1 at 2014-03-30 23:11:46 -0300


Started GET "/assets/users.css?body=1" for 127.0.0.1 at 2014-03-30 23:11:46 -0300


Started GET "/assets/jquery.js?body=1" for 127.0.0.1 at 2014-03-30 23:11:46 -0300


Started GET "/assets/jquery_ujs.js?body=1" for 127.0.0.1 at 2014-03-30 23:11:46 -0300


Started GET "/assets/rails.png" for 127.0.0.1 at 2014-03-30 23:11:46 -0300


Started GET "/assets/static_pages.js?body=1" for 127.0.0.1 at 2014-03-30 23:11:46 -0300


Started GET "/assets/users.js?body=1" for 127.0.0.1 at 2014-03-30 23:11:46 -0300


Started GET "/assets/turbolinks.js?body=1" for 127.0.0.1 at 2014-03-30 23:11:46 -0300


Started GET "/assets/application.js?body=1" for 127.0.0.1 at 2014-03-30 23:11:46 -0300


Started GET "/signup" for 127.0.0.1 at 2014-03-30 23:11:47 -0300
Processing by UsersController#new as HTML
  Rendered users/new.html.erb within layouts/application (0.3ms)
  Rendered layouts/_shim.html.erb (0.3ms)
  Rendered layouts/_header.html.erb (0.6ms)
  Rendered layouts/_footer.html.erb (0.4ms)
Completed 200 OK in 22ms (Views: 21.4ms | ActiveRecord: 0.0ms)
